TN:
SF:E:\workspace\mt-mobile\src\index.js
FN:115,(anonymous_0)
FN:116,(anonymous_1)
FNF:2
FNH:2
FNDA:2,(anonymous_0)
FNDA:106,(anonymous_1)
DA:58,2
DA:59,2
DA:115,2
DA:116,2
DA:117,106
DA:122,2
LF:6
LH:6
BRDA:122,0,0,2
BRDA:122,1,0,2
BRDA:122,1,1,2
BRF:3
BRH:3
end_of_record
TN:
SF:E:\workspace\mt-mobile\src\action-sheet\index.vue
FN:65,_default
FN:83,popupCls
FN:87,nameCls
FN:93,_getHeaderCls
FN:97,_getActionCls
FN:101,_getContentCls
FN:105,_getCancelTextCls
FN:109,onCancel
FN:114,onClickOption
FNF:9
FNH:9
FNDA:4,_default
FNDA:12,popupCls
FNDA:8,nameCls
FNDA:2,_getHeaderCls
FNDA:18,_getActionCls
FNDA:1,_getContentCls
FNDA:3,_getCancelTextCls
FNDA:1,onCancel
FNDA:3,onClickOption
DA:42,3
DA:43,3
DA:45,3
DA:46,3
DA:65,4
DA:84,12
DA:88,8
DA:94,2
DA:98,18
DA:102,1
DA:106,3
DA:110,1
DA:111,1
DA:115,3
DA:116,1
DA:119,2
DA:120,1
DA:123,2
DA:125,2
DA:126,1
LF:20
LH:20
BRDA:98,0,0,18
BRDA:98,0,1,16
BRDA:115,1,0,1
BRDA:115,1,1,2
BRDA:115,2,0,3
BRDA:115,2,1,2
BRDA:119,3,0,1
BRDA:119,3,1,1
BRDA:125,4,0,1
BRDA:125,4,1,1
BRF:10
BRH:10
end_of_record
TN:
SF:E:\workspace\mt-mobile\src\badge\index.vue
FN:38,txt
FN:50,cls
FN:62,supCls
FNF:3
FNH:3
FNDA:12,txt
FNDA:19,cls
FNDA:12,supCls
DA:13,3
DA:38,36
DA:40,12
DA:44,12
DA:45,1
DA:47,12
DA:50,76
DA:54,19
DA:62,36
DA:64,12
LF:10
LH:10
BRDA:40,0,0,13
BRDA:40,0,1,12
BRDA:44,1,0,1
BRDA:44,1,1,11
BRDA:58,2,0,19
BRDA:58,2,1,1
BRDA:66,3,0,12
BRDA:66,3,1,1
BRDA:67,4,0,12
BRDA:67,4,1,11
BRDA:69,5,0,12
BRDA:69,5,1,1
BRF:12
BRH:12
end_of_record
TN:
SF:E:\workspace\mt-mobile\src\button\index.vue
FN:84,cls
FN:101,defaultActiveCls
FN:105,activeCls
FN:109,textCls
FN:113,iconSizeDefault
FN:117,loadingColor
FN:123,_getLoadingCls
FN:127,_getIconCls
FN:131,onClick
FNF:9
FNH:3
FNDA:4,cls
FNDA:0,defaultActiveCls
FNDA:4,activeCls
FNDA:4,textCls
FNDA:0,iconSizeDefault
FNDA:0,loadingColor
FNDA:0,_getLoadingCls
FNDA:0,_getIconCls
FNDA:0,onClick
DA:34,2
DA:35,2
DA:36,2
DA:37,2
DA:41,2
DA:42,2
DA:43,2
DA:44,2
DA:84,28
DA:88,4
DA:102,0
DA:106,4
DA:110,4
DA:114,0
DA:118,0
DA:124,0
DA:128,0
DA:132,0
DA:133,0
DA:134,0
LF:20
LH:12
BRDA:106,0,0,4
BRDA:106,0,1,8
BRDA:118,1,0,0
BRDA:118,1,1,0
BRDA:132,2,0,0
BRDA:132,2,1,0
BRDA:132,3,0,0
BRDA:132,3,1,0
BRF:8
BRH:2
end_of_record
TN:
SF:E:\workspace\mt-mobile\src\checkbox\index.vue
FN:16,get
FN:20,set
FN:31,value
FN:37,toggle
FN:44,(anonymous_5)
FN:49,setParentValue
FNF:6
FNH:0
FNDA:0,get
FNDA:0,set
FNDA:0,value
FNDA:0,toggle
FNDA:0,(anonymous_5)
FNDA:0,setParentValue
DA:2,2
DA:3,2
DA:17,0
DA:21,0
DA:22,0
DA:24,0
DA:32,0
DA:37,0
DA:38,0
DA:43,0
DA:44,0
DA:45,0
DA:49,0
DA:51,0
DA:53,0
DA:54,0
DA:55,0
DA:59,0
DA:60,0
DA:61,0
DA:64,0
DA:67,0
DA:68,0
DA:69,0
LF:24
LH:2
BRDA:17,0,0,0
BRDA:17,0,1,0
BRDA:21,1,0,0
BRDA:21,1,1,0
BRDA:53,2,0,0
BRDA:53,2,1,0
BRDA:54,3,0,0
BRDA:54,3,1,0
BRDA:54,4,0,0
BRDA:54,4,1,0
BRDA:59,5,0,0
BRDA:67,6,0,0
BRF:12
BRH:0
end_of_record
TN:
SF:E:\workspace\mt-mobile\src\checkbox-group\index.vue
FN:21,_default
FN:26,cls
FN:32,value
FNF:3
FNH:0
FNDA:0,_default
FNDA:0,cls
FNDA:0,value
DA:8,2
DA:9,2
DA:21,0
DA:27,0
DA:33,0
LF:5
LH:2
BRF:0
BRH:0
end_of_record
TN:
SF:E:\workspace\mt-mobile\src\col\index.vue
FN:33,gutter
FN:38,style
FN:43,cls
FNF:3
FNH:0
FNDA:0,gutter
FNDA:0,style
FNDA:0,cls
DA:12,2
DA:14,2
DA:34,0
DA:35,0
DA:39,0
DA:40,0
DA:43,0
DA:45,0
LF:8
LH:2
BRDA:35,0,0,0
BRDA:35,0,1,0
BRDA:35,0,2,0
BRDA:40,1,0,0
BRDA:40,1,1,0
BRF:5
BRH:0
end_of_record
TN:
SF:E:\workspace\mt-mobile\src\collapse\index.vue
FN:26,cls
FN:32,_switch
FN:34,(anonymous_3)
FNF:3
FNH:0
FNDA:0,cls
FNDA:0,_switch
FNDA:0,(anonymous_3)
DA:8,2
DA:9,2
DA:27,0
DA:33,0
DA:34,0
DA:36,0
DA:38,0
DA:39,0
LF:8
LH:2
BRDA:33,0,0,0
BRDA:33,0,1,0
BRDA:34,1,0,0
BRDA:34,1,1,0
BRF:4
BRH:0
end_of_record
TN:
SF:E:\workspace\mt-mobile\src\collapse-item\index.vue
FN:55,data
FN:64,currentName
FN:68,expanded
FN:80,(anonymous_4)
FN:85,ariaExpanded
FN:89,cls
FN:93,titleCls
FN:98,wrapperCls
FN:102,contentCls
FN:107,created
FN:113,expanded
FN:127,(anonymous_12)
FN:139,(anonymous_13)
FN:150,onClick
FN:160,onTransitionEnd
FNF:15
FNH:0
FNDA:0,data
FNDA:0,currentName
FNDA:0,expanded
FNDA:0,(anonymous_4)
FNDA:0,ariaExpanded
FNDA:0,cls
FNDA:0,titleCls
FNDA:0,wrapperCls
FNDA:0,contentCls
FNDA:0,created
FNDA:0,expanded
FNDA:0,(anonymous_12)
FNDA:0,(anonymous_13)
FNDA:0,onClick
FNDA:0,onTransitionEnd
DA:32,2
DA:33,2
DA:34,2
DA:35,2
DA:37,2
DA:40,2
DA:56,0
DA:65,0
DA:68,0
DA:69,0
DA:70,0
DA:75,0
DA:76,0
DA:77,0
DA:80,0
DA:82,0
DA:86,0
DA:90,0
DA:93,0
DA:95,0
DA:99,0
DA:103,0
DA:108,0
DA:109,0
DA:113,0
DA:114,0
DA:115,0
DA:118,0
DA:119,0
DA:120,0
DA:125,0
DA:127,0
DA:129,0
DA:130,0
DA:134,0
DA:135,0
DA:136,0
DA:139,0
DA:140,0
DA:143,0
DA:150,0
DA:151,0
DA:152,0
DA:156,0
DA:157,0
DA:161,0
DA:162,0
DA:164,0
LF:48
LH:6
BRDA:65,0,0,0
BRDA:65,0,1,0
BRDA:69,1,0,0
BRDA:69,1,1,0
BRDA:75,2,0,0
BRDA:75,2,1,0
BRDA:75,3,0,0
BRDA:75,3,1,0
BRDA:75,3,2,0
BRDA:80,4,0,0
BRDA:80,4,1,0
BRDA:114,5,0,0
BRDA:114,5,1,0
BRDA:118,6,0,0
BRDA:118,6,1,0
BRDA:125,7,0,0
BRDA:125,7,1,0
BRDA:129,8,0,0
BRDA:129,8,1,0
BRDA:129,9,0,0
BRDA:129,9,1,0
BRDA:134,10,0,0
BRDA:134,10,1,0
BRDA:136,11,0,0
BRDA:136,11,1,0
BRDA:140,12,0,0
BRDA:140,12,1,0
BRDA:151,13,0,0
BRDA:151,13,1,0
BRDA:156,14,0,0
BRDA:156,14,1,0
BRDA:161,15,0,0
BRDA:161,15,1,0
BRF:33
BRH:0
end_of_record
TN:
SF:E:\workspace\mt-mobile\src\constant\constant.js
FNF:0
FNH:0
DA:1,3
DA:3,3
DA:4,3
DA:9,3
DA:16,3
DA:17,3
DA:19,3
DA:20,3
DA:28,3
DA:30,3
DA:31,3
DA:32,3
LF:12
LH:12
BRF:0
BRH:0
end_of_record
TN:
SF:E:\workspace\mt-mobile\src\constant\event.js
FNF:0
FNH:0
DA:1,0
DA:3,0
DA:5,0
DA:7,0
LF:4
LH:0
BRF:0
BRH:0
end_of_record
TN:
SF:E:\workspace\mt-mobile\src\datetime-picker\DatePicker.vue
FN:22,_default
FN:27,_default
FN:33,value
FN:43,ranges
FN:88,formatValue
FN:99,getBoundary
FN:136,onChange
FN:138,getValue
FN:165,(anonymous_9)
FN:166,(anonymous_10)
FN:172,updateColumnValue
FN:191,(anonymous_12)
FNF:12
FNH:0
FNDA:0,_default
FNDA:0,_default
FNDA:0,value
FNDA:0,ranges
FNDA:0,formatValue
FNDA:0,getBoundary
FNDA:0,onChange
FNDA:0,getValue
FNDA:0,(anonymous_9)
FNDA:0,(anonymous_10)
FNDA:0,updateColumnValue
FNDA:0,(anonymous_12)
DA:2,2
DA:3,2
DA:4,2
DA:5,2
DA:6,2
DA:8,2
DA:22,0
DA:27,0
DA:34,0
DA:36,0
DA:37,0
DA:43,0
DA:58,0
DA:81,0
DA:82,0
DA:83,0
DA:89,0
DA:90,0
DA:93,0
DA:94,0
DA:96,0
DA:100,0
DA:101,0
DA:102,0
DA:103,0
DA:104,0
DA:105,0
DA:107,0
DA:108,0
DA:109,0
DA:110,0
DA:111,0
DA:114,0
DA:115,0
DA:116,0
DA:117,0
DA:118,0
DA:119,0
DA:120,0
DA:121,0
DA:127,0
DA:136,0
DA:137,0
DA:138,0
DA:140,0
DA:141,0
DA:142,0
DA:145,0
DA:146,0
DA:148,0
DA:151,0
DA:153,0
DA:154,0
DA:156,0
DA:157,0
DA:158,0
DA:161,0
DA:163,0
DA:165,0
DA:166,0
DA:167,0
DA:172,0
DA:174,0
DA:180,0
DA:181,0
DA:187,0
DA:188,0
DA:191,0
DA:192,0
LF:69
LH:6
BRDA:36,0,0,0
BRDA:36,0,1,0
BRDA:81,1,0,0
BRDA:81,1,1,0
BRDA:82,2,0,0
BRDA:82,2,1,0
BRDA:89,3,0,0
BRDA:89,3,1,0
BRDA:107,4,0,0
BRDA:107,4,1,0
BRDA:114,5,0,0
BRDA:114,5,1,0
BRDA:116,6,0,0
BRDA:116,6,1,0
BRDA:118,7,0,0
BRDA:118,7,1,0
BRDA:120,8,0,0
BRDA:120,8,1,0
BRDA:145,9,0,0
BRDA:145,9,1,0
BRDA:151,10,0,0
BRDA:151,10,1,0
BRDA:156,11,0,0
BRDA:156,11,1,0
BRDA:180,12,0,0
BRDA:180,12,1,0
BRDA:187,13,0,0
BRDA:187,13,1,0
BRF:28
BRH:0
end_of_record
TN:
SF:E:\workspace\mt-mobile\src\datetime-picker\TimePicker.vue
FN:33,ranges
FN:48,value
FN:59,formatValue
FN:71,onChange
FN:79,(anonymous_5)
FN:80,(anonymous_6)
FN:86,updateColumnValue
FN:91,(anonymous_8)
FNF:8
FNH:0
FNDA:0,ranges
FNDA:0,value
FNDA:0,formatValue
FNDA:0,onChange
FNDA:0,(anonymous_5)
FNDA:0,(anonymous_6)
FNDA:0,updateColumnValue
FNDA:0,(anonymous_8)
DA:2,2
DA:3,2
DA:4,2
DA:5,2
DA:34,0
DA:49,0
DA:51,0
DA:52,0
DA:53,0
DA:59,0
DA:60,0
DA:61,0
DA:65,0
DA:66,0
DA:68,0
DA:71,0
DA:72,0
DA:73,0
DA:74,0
DA:75,0
DA:77,0
DA:79,0
DA:80,0
DA:81,0
DA:86,0
DA:88,0
DA:89,0
DA:91,0
DA:92,0
LF:29
LH:4
BRDA:51,0,0,0
BRDA:51,0,1,0
BRDA:60,1,0,0
BRDA:60,1,1,0
BRF:4
BRH:0
end_of_record
TN:
SF:E:\workspace\mt-mobile\src\datetime-picker\index.js
FNF:0
FNH:0
DA:5,2
DA:14,0
DA:16,0
LF:3
LH:1
BRDA:14,0,0,0
BRDA:14,0,1,0
BRF:2
BRH:0
end_of_record
TN:
SF:E:\workspace\mt-mobile\src\datetime-picker\shared.js
FN:16,(anonymous_0)
FN:29,(anonymous_1)
FN:30,(anonymous_2)
FN:47,(anonymous_3)
FN:48,(anonymous_4)
FN:79,(anonymous_5)
FNF:6
FNH:0
FNDA:0,(anonymous_0)
FNDA:0,(anonymous_1)
FNDA:0,(anonymous_2)
FNDA:0,(anonymous_3)
FNDA:0,(anonymous_4)
FNDA:0,(anonymous_5)
DA:6,2
DA:16,0
DA:20,2
DA:22,0
DA:29,0
DA:30,0
DA:31,0
DA:32,0
DA:35,0
DA:36,0
DA:39,0
DA:47,0
DA:48,0
DA:55,0
DA:59,0
DA:64,0
DA:69,0
DA:73,0
DA:78,0
DA:79,0
DA:80,0
DA:83,0
LF:22
LH:2
BRDA:35,0,0,0
BRDA:35,0,1,0
BRF:2
BRH:0
end_of_record
TN:
SF:E:\workspace\mt-mobile\src\datetime-picker\utils.js
FN:3,times
FN:14,getTrueValue
FN:30,getMonthEndDay
FNF:3
FNH:0
FNDA:0,times
FNDA:0,getTrueValue
FNDA:0,getMonthEndDay
DA:4,0
DA:5,0
DA:7,0
DA:8,0
DA:11,0
DA:15,0
DA:16,0
DA:19,0
DA:20,0
DA:21,0
DA:23,0
DA:27,0
DA:31,0
LF:13
LH:0
BRDA:15,0,0,0
BRDA:15,0,1,0
BRDA:20,1,0,0
BRDA:20,1,1,0
BRF:4
BRH:0
end_of_record
TN:
SF:E:\workspace\mt-mobile\src\dialog\Dialog.vue
FN:86,data
FN:96,hasButtons
FN:100,cancelBtnText
FN:104,confirmBtnText
FN:108,cls
FN:112,footerCls
FN:118,_getHeaderCls
FN:122,_getContentCls
FN:126,_getMessageCls
FN:130,_getCancelBtnCls
FN:134,_getConfirmBtnCls
FN:138,onClickOverlay
FN:142,handleAction
FN:147,(anonymous_14)
FN:158,onClose
FNF:15
FNH:0
FNDA:0,data
FNDA:0,hasButtons
FNDA:0,cancelBtnText
FNDA:0,confirmBtnText
FNDA:0,cls
FNDA:0,footerCls
FNDA:0,_getHeaderCls
FNDA:0,_getContentCls
FNDA:0,_getMessageCls
FNDA:0,_getCancelBtnCls
FNDA:0,_getConfirmBtnCls
FNDA:0,onClickOverlay
FNDA:0,handleAction
FNDA:0,(anonymous_14)
FNDA:0,onClose
DA:46,2
DA:47,2
DA:48,2
DA:49,2
DA:87,0
DA:97,0
DA:101,0
DA:105,0
DA:109,0
DA:113,0
DA:119,0
DA:123,0
DA:127,0
DA:131,0
DA:135,0
DA:139,0
DA:142,0
DA:143,0
DA:145,0
DA:146,0
DA:147,0
DA:148,0
DA:149,0
DA:151,0
DA:154,0
DA:159,0
DA:161,0
DA:162,0
LF:28
LH:4
BRDA:97,0,0,0
BRDA:97,0,1,0
BRDA:101,1,0,0
BRDA:101,1,1,0
BRDA:105,2,0,0
BRDA:105,2,1,0
BRDA:119,3,0,0
BRDA:119,3,1,0
BRDA:145,4,0,0
BRDA:145,4,1,0
BRDA:148,5,0,0
BRDA:148,5,1,0
BRDA:161,6,0,0
BRDA:161,6,1,0
BRF:14
BRH:0
end_of_record
TN:
SF:E:\workspace\mt-mobile\src\dialog\index.js
FN:7,isInDocument
FN:11,initInstance
FN:24,(anonymous_2)
FN:29,Dialog
FN:35,(anonymous_4)
FN:65,(anonymous_5)
FN:72,(anonymous_6)
FN:77,(anonymous_7)
FN:83,(anonymous_8)
FN:87,(anonymous_9)
FN:93,(anonymous_10)
FNF:11
FNH:2
FNDA:0,isInDocument
FNDA:0,initInstance
FNDA:0,(anonymous_2)
FNDA:0,Dialog
FNDA:0,(anonymous_4)
FNDA:0,(anonymous_5)
FNDA:0,(anonymous_6)
FNDA:0,(anonymous_7)
FNDA:0,(anonymous_8)
FNDA:2,(anonymous_9)
FNDA:2,(anonymous_10)
DA:8,0
DA:12,0
DA:13,0
DA:16,0
DA:24,0
DA:25,0
DA:31,0
DA:35,0
DA:36,0
DA:37,0
DA:40,0
DA:47,2
DA:66,0
DA:70,2
DA:72,2
DA:77,2
DA:78,0
DA:79,0
DA:83,2
DA:84,0
DA:87,2
DA:88,2
DA:91,2
DA:93,2
DA:94,2
DA:97,2
DA:99,2
LF:27
LH:12
BRDA:12,0,0,0
BRDA:12,0,1,0
BRDA:31,1,0,0
BRDA:36,2,0,0
BRDA:36,2,1,0
BRDA:36,3,0,0
BRDA:36,3,1,0
BRDA:66,4,0,0
BRDA:66,4,1,0
BRDA:78,5,0,0
BRDA:78,5,1,0
BRF:11
BRH:0
end_of_record
TN:
SF:E:\workspace\mt-mobile\src\directive\resize.js
FN:15,(anonymous_0)
FNF:1
FNH:0
FNDA:0,(anonymous_0)
DA:4,0
DA:5,0
DA:6,0
DA:8,0
DA:9,0
DA:10,0
DA:11,0
DA:14,0
DA:15,0
DA:16,0
DA:17,0
DA:20,0
DA:21,0
DA:23,0
DA:26,0
LF:15
LH:0
BRDA:8,0,0,0
BRDA:8,0,1,0
BRDA:10,1,0,0
BRDA:10,1,1,0
BRDA:11,2,0,0
BRDA:11,2,1,0
BRDA:23,3,0,0
BRDA:23,3,1,0
BRF:8
BRH:0
end_of_record
TN:
SF:E:\workspace\mt-mobile\src\directive\scroll.js
FN:3,unbind
FN:9,bindScroll
FN:22,(anonymous_2)
FNF:3
FNH:0
FNDA:0,unbind
FNDA:0,bindScroll
FNDA:0,(anonymous_2)
DA:4,0
DA:5,0
DA:6,0
DA:10,0
DA:13,0
DA:14,0
DA:15,0
DA:16,0
DA:17,0
DA:18,0
DA:19,0
DA:22,0
DA:23,0
DA:25,0
DA:27,0
DA:29,0
LF:16
LH:0
BRDA:5,0,0,0
BRDA:5,0,1,0
BRDA:10,1,0,0
BRDA:10,1,1,0
BRDA:13,2,0,0
BRDA:13,2,1,0
BRDA:14,3,0,0
BRDA:14,3,1,0
BRDA:15,4,0,0
BRDA:15,4,1,0
BRDA:16,5,0,0
BRDA:16,5,1,0
BRDA:18,6,0,0
BRDA:18,6,1,0
BRDA:25,7,0,0
BRDA:25,7,1,0
BRDA:25,8,0,0
BRDA:25,8,1,0
BRF:18
BRH:0
end_of_record
TN:
SF:E:\workspace\mt-mobile\src\divider\index.vue
FN:32,cls
FNF:1
FNH:0
FNDA:0,cls
DA:13,2
DA:14,2
DA:33,0
LF:3
LH:2
BRF:0
BRH:0
end_of_record
TN:
SF:E:\workspace\mt-mobile\src\dropdown-item\index.vue
FN:74,_default
FN:78,data
FN:87,displayTitle
FN:92,(anonymous_4)
FN:96,position
FN:100,style
FN:111,cls
FN:115,contentCls
FN:119,iconCls
FN:125,beforeCreate
FN:126,createEmitter
FN:134,isActive
FN:138,toggle
FN:152,onClosed
FN:157,onClickItem
FNF:15
FNH:0
FNDA:0,_default
FNDA:0,data
FNDA:0,displayTitle
FNDA:0,(anonymous_4)
FNDA:0,position
FNDA:0,style
FNDA:0,cls
FNDA:0,contentCls
FNDA:0,iconCls
FNDA:0,beforeCreate
FNDA:0,createEmitter
FNDA:0,isActive
FNDA:0,toggle
FNDA:0,onClosed
FNDA:0,onClickItem
DA:48,2
DA:49,2
DA:50,2
DA:51,2
DA:52,2
DA:53,2
DA:74,0
DA:79,0
DA:87,0
DA:88,0
DA:89,0
DA:92,0
DA:93,0
DA:97,0
DA:100,0
DA:102,0
DA:103,0
DA:104,0
DA:106,0
DA:108,0
DA:112,0
DA:116,0
DA:120,0
DA:125,0
DA:126,0
DA:128,0
DA:129,0
DA:130,0
DA:135,0
DA:138,0
DA:139,0
DA:140,0
DA:143,0
DA:144,0
DA:146,0
DA:147,0
DA:148,0
DA:153,0
DA:154,0
DA:158,0
DA:160,0
DA:161,0
DA:162,0
LF:43
LH:6
BRDA:88,0,0,0
BRDA:88,0,1,0
BRDA:93,1,0,0
BRDA:93,1,1,0
BRDA:97,2,0,0
BRDA:97,2,1,0
BRDA:103,3,0,0
BRDA:103,3,1,0
BRDA:138,4,0,0
BRDA:138,4,1,0
BRDA:139,5,0,0
BRDA:139,5,1,0
BRDA:146,6,0,0
BRDA:146,6,1,0
BRDA:160,7,0,0
BRDA:160,7,1,0
BRF:16
BRH:0
end_of_record
TN:
SF:E:\workspace\mt-mobile\src\dropdown-menu\index.vue
FN:68,data
FN:75,cls
FN:81,getChildrenCls
FN:85,getTitleCls
FN:94,onClickBtn
FN:100,updateOffset
FN:111,toggleItem
FN:112,(anonymous_8)
FN:121,onClickOutside
FN:122,(anonymous_10)
FNF:10
FNH:0
FNDA:0,data
FNDA:0,cls
FNDA:0,getChildrenCls
FNDA:0,getTitleCls
FNDA:0,onClickBtn
FNDA:0,updateOffset
FNDA:0,toggleItem
FNDA:0,(anonymous_8)
FNDA:0,onClickOutside
FNDA:0,(anonymous_10)
DA:24,2
DA:25,2
DA:26,2
DA:27,2
DA:28,2
DA:69,0
DA:76,0
DA:82,0
DA:86,0
DA:95,0
DA:96,0
DA:100,0
DA:102,0
DA:104,0
DA:105,0
DA:107,0
DA:112,0
DA:113,0
DA:114,0
DA:115,0
DA:116,0
DA:122,0
DA:123,0
LF:23
LH:5
BRDA:95,0,0,0
BRDA:95,0,1,0
BRDA:104,1,0,0
BRDA:104,1,1,0
BRDA:113,2,0,0
BRDA:113,2,1,0
BRDA:115,3,0,0
BRDA:115,3,1,0
BRF:8
BRH:0
end_of_record
TN:
SF:E:\workspace\mt-mobile\src\field\index.vue
FN:118,data
FN:125,value
FN:130,mounted
FN:136,showClear
FN:146,listeners
FN:160,inputBinding
FN:171,labelStyle
FN:178,cls
FN:188,leftIconCls
FN:192,labelCls
FN:196,contentCls
FN:200,bodyCls
FN:204,controlCls
FN:208,clearCls
FN:212,rightIconCls
FN:216,buttonCls
FN:220,errorMsgCls
FN:226,focus
FN:232,blur
FN:239,format
FN:255,onInput
FN:264,onFocus
FN:275,onBlur
FN:281,onClick
FN:285,onClickLeftIcon
FN:289,onClickRightIcon
FN:293,onClear
FN:299,onKeypress
FN:321,adjustSize
FNF:29
FNH:0
FNDA:0,data
FNDA:0,value
FNDA:0,mounted
FNDA:0,showClear
FNDA:0,listeners
FNDA:0,inputBinding
FNDA:0,labelStyle
FNDA:0,cls
FNDA:0,leftIconCls
FNDA:0,labelCls
FNDA:0,contentCls
FNDA:0,bodyCls
FNDA:0,controlCls
FNDA:0,clearCls
FNDA:0,rightIconCls
FNDA:0,buttonCls
FNDA:0,errorMsgCls
FNDA:0,focus
FNDA:0,blur
FNDA:0,format
FNDA:0,onInput
FNDA:0,onFocus
FNDA:0,onBlur
FNDA:0,onClick
FNDA:0,onClickLeftIcon
FNDA:0,onClickRightIcon
FNDA:0,onClear
FNDA:0,onKeypress
FNDA:0,adjustSize
DA:76,2
DA:77,2
DA:78,2
DA:79,2
DA:80,2
DA:81,2
DA:119,0
DA:126,0
DA:131,0
DA:132,0
DA:137,0
DA:147,0
DA:155,0
DA:157,0
DA:161,0
DA:171,0
DA:173,0
DA:174,0
DA:178,0
DA:180,0
DA:189,0
DA:193,0
DA:197,0
DA:201,0
DA:205,0
DA:209,0
DA:213,0
DA:217,0
DA:221,0
DA:227,0
DA:228,0
DA:233,0
DA:234,0
DA:239,0
DA:240,0
DA:241,0
DA:247,0
DA:248,0
DA:249,0
DA:252,0
DA:257,0
DA:258,0
DA:261,0
DA:265,0
DA:266,0
DA:270,0
DA:276,0
DA:277,0
DA:278,0
DA:282,0
DA:286,0
DA:290,0
DA:294,0
DA:295,0
DA:296,0
DA:300,0
DA:302,0
DA:303,0
DA:307,0
DA:308,0
DA:318,0
DA:321,0
DA:323,0
DA:324,0
DA:327,0
DA:329,0
DA:330,0
DA:332,0
DA:333,0
DA:335,0
DA:336,0
DA:340,0
DA:341,0
LF:73
LH:6
BRDA:137,0,0,0
BRDA:137,0,1,0
BRDA:137,0,2,0
BRDA:137,0,3,0
BRDA:137,0,4,0
BRDA:173,1,0,0
BRDA:173,1,1,0
BRDA:180,2,0,0
BRDA:180,2,1,0
BRDA:227,3,0,0
BRDA:227,3,1,0
BRDA:233,4,0,0
BRDA:233,4,1,0
BRDA:239,5,0,0
BRDA:239,5,1,0
BRDA:240,6,0,0
BRDA:240,6,1,0
BRDA:247,7,0,0
BRDA:247,7,1,0
BRDA:247,8,0,0
BRDA:247,8,1,0
BRDA:247,8,2,0
BRDA:257,9,0,0
BRDA:257,9,1,0
BRDA:270,10,0,0
BRDA:300,11,0,0
BRDA:300,11,1,0
BRDA:303,12,0,0
BRDA:303,12,1,0
BRDA:303,12,2,0
BRDA:303,12,3,0
BRDA:303,12,4,0
BRDA:307,13,0,0
BRDA:307,13,1,0
BRDA:323,14,0,0
BRDA:323,14,1,0
BRDA:323,15,0,0
BRDA:323,15,1,0
BRDA:330,16,0,0
BRDA:330,16,1,0
BRDA:332,17,0,0
BRDA:332,17,1,0
BRDA:335,18,0,0
BRDA:335,18,1,0
BRDA:340,19,0,0
BRDA:340,19,1,0
BRF:46
BRH:0
end_of_record
TN:
SF:E:\workspace\mt-mobile\src\grid\index.vue
FN:36,style
FN:46,cls
FNF:2
FNH:0
FNDA:0,style
FNDA:0,cls
DA:8,2
DA:9,2
DA:10,2
DA:36,0
DA:39,0
DA:40,0
DA:47,0
LF:7
LH:3
BRDA:39,0,0,0
BRDA:39,0,1,0
BRDA:47,1,0,0
BRDA:47,1,1,0
BRF:4
BRH:0
end_of_record
TN:
SF:E:\workspace\mt-mobile\src\grid-item\index.vue
FN:46,style
FN:68,contentStyle
FN:82,cls
FN:86,contentCls
FN:99,iconCls
FN:103,textCls
FN:109,onClick
FNF:7
FNH:0
FNDA:0,style
FNDA:0,contentStyle
FNDA:0,cls
FNDA:0,contentCls
FNDA:0,iconCls
FNDA:0,textCls
FNDA:0,onClick
DA:25,2
DA:26,2
DA:27,2
DA:28,2
DA:46,0
DA:48,0
DA:50,0
DA:54,0
DA:55,0
DA:56,0
DA:57,0
DA:58,0
DA:60,0
DA:61,0
DA:65,0
DA:68,0
DA:71,0
DA:72,0
DA:74,0
DA:83,0
DA:86,0
DA:90,0
DA:100,0
DA:104,0
DA:110,0
DA:111,0
LF:26
LH:4
BRDA:54,0,0,0
BRDA:54,0,1,0
BRDA:56,1,0,0
BRDA:56,1,1,0
BRDA:60,2,0,0
BRDA:60,2,1,0
BRDA:71,3,0,0
BRDA:71,3,1,0
BRDA:71,4,0,0
BRDA:71,4,1,0
BRDA:94,5,0,0
BRDA:94,5,1,0
BRF:12
BRH:0
end_of_record
TN:
SF:E:\workspace\mt-mobile\src\icon\iconfont.js
FN:1,(anonymous_0)
FN:137,(anonymous_1)
FN:141,(anonymous_2)
FN:151,(anonymous_3)
FN:159,(anonymous_4)
FN:163,h
FN:170,(anonymous_6)
FN:181,(anonymous_7)
FN:183,(anonymous_8)
FNF:9
FNH:4
FNDA:2,(anonymous_0)
FNDA:2,(anonymous_1)
FNDA:0,(anonymous_2)
FNDA:0,(anonymous_3)
FNDA:0,(anonymous_4)
FNDA:0,h
FNDA:2,(anonymous_6)
FNDA:2,(anonymous_7)
FNDA:0,(anonymous_8)
DA:1,2
DA:2,2
DA:124,2
DA:125,2
DA:126,2
DA:127,2
DA:128,0
DA:129,0
DA:130,0
DA:134,0
DA:137,2
DA:138,2
DA:139,2
DA:141,0
DA:142,0
DA:144,0
DA:147,0
DA:152,0
DA:153,0
DA:155,0
DA:157,0
DA:160,0
DA:164,0
DA:173,2
DA:182,2
DA:184,0
LF:26
LH:11
BRDA:126,0,0,2
BRDA:126,0,1,0
BRDA:126,0,2,0
BRDA:127,1,0,0
BRDA:127,1,1,2
BRDA:127,2,0,2
BRDA:127,2,1,0
BRDA:134,3,0,0
BRDA:134,3,1,0
BRDA:138,4,0,2
BRDA:138,4,1,0
BRDA:139,5,0,2
BRDA:139,5,1,0
BRDA:147,6,0,0
BRDA:147,6,1,0
BRDA:160,7,0,0
BRDA:160,7,1,0
BRDA:164,8,0,0
BRDA:164,8,1,0
BRDA:175,9,0,2
BRDA:175,9,1,2
BRDA:182,10,0,0
BRDA:182,10,1,2
BRF:23
BRH:8
end_of_record
TN:
SF:E:\workspace\mt-mobile\src\icon\iconfont1.js
FN:1,(anonymous_0)
FN:138,(anonymous_1)
FN:146,_l
FN:157,t
FN:165,(anonymous_4)
FN:170,h
FN:175,(anonymous_6)
FN:185,(anonymous_7)
FN:187,(anonymous_8)
FNF:9
FNH:0
FNDA:0,(anonymous_0)
FNDA:0,(anonymous_1)
FNDA:0,_l
FNDA:0,t
FNDA:0,(anonymous_4)
FNDA:0,h
FNDA:0,(anonymous_6)
FNDA:0,(anonymous_7)
FNDA:0,(anonymous_8)
DA:1,0
DA:2,0
DA:125,0
DA:126,0
DA:127,0
DA:128,0
DA:129,0
DA:130,0
DA:131,0
DA:138,0
DA:139,0
DA:140,0
DA:144,0
DA:146,0
DA:147,0
DA:150,0
DA:153,0
DA:158,0
DA:159,0
DA:161,0
DA:163,0
DA:166,0
DA:171,0
DA:177,0
DA:186,0
DA:188,0
LF:26
LH:0
BRDA:127,0,0,0
BRDA:127,0,1,0
BRDA:127,0,2,0
BRDA:128,1,0,0
BRDA:128,1,1,0
BRDA:128,2,0,0
BRDA:128,2,1,0
BRDA:139,3,0,0
BRDA:139,3,1,0
BRDA:140,4,0,0
BRDA:140,4,1,0
BRDA:153,5,0,0
BRDA:153,5,1,0
BRDA:166,6,0,0
BRDA:166,6,1,0
BRDA:171,7,0,0
BRDA:171,7,1,0
BRDA:179,8,0,0
BRDA:179,8,1,0
BRDA:187,9,0,0
BRDA:187,9,1,0
BRF:21
BRH:0
end_of_record
TN:
SF:E:\workspace\mt-mobile\src\icon\index.vue
FN:28,validator
FN:35,iconSize
FN:42,iconName
FN:46,cls
FN:50,xlinkHref
FNF:5
FNH:0
FNDA:0,validator
FNDA:0,iconSize
FNDA:0,iconName
FNDA:0,cls
FNDA:0,xlinkHref
DA:13,3
DA:14,3
DA:29,0
DA:36,0
DA:37,0
DA:39,0
DA:43,0
DA:47,0
DA:51,0
LF:9
LH:2
BRDA:36,0,0,0
BRDA:36,0,1,0
BRF:2
BRH:0
end_of_record
TN:
SF:E:\workspace\mt-mobile\src\image\index.vue
FN:71,data
FN:79,src
FN:86,style
FN:100,imgStyle
FN:106,cls
FN:110,imgCls
FN:115,created
FN:124,beforeDestroy
FN:134,_getLoadingCls
FN:138,_getErrorCls
FN:142,onLoad
FN:147,onLazyLoaded
FN:153,onLazyLoadError
FN:159,onError
FN:165,onClick
FNF:15
FNH:0
FNDA:0,data
FNDA:0,src
FNDA:0,style
FNDA:0,imgStyle
FNDA:0,cls
FNDA:0,imgCls
FNDA:0,created
FNDA:0,beforeDestroy
FNDA:0,_getLoadingCls
FNDA:0,_getErrorCls
FNDA:0,onLoad
FNDA:0,onLazyLoaded
FNDA:0,onLazyLoadError
FNDA:0,onError
FNDA:0,onClick
DA:38,2
DA:40,2
DA:43,2
DA:44,2
DA:45,2
DA:46,2
DA:72,0
DA:80,0
DA:81,0
DA:87,0
DA:89,0
DA:90,0
DA:93,0
DA:94,0
DA:97,0
DA:101,0
DA:107,0
DA:111,0
DA:115,0
DA:118,0
DA:119,0
DA:120,0
DA:124,0
DA:127,0
DA:128,0
DA:129,0
DA:135,0
DA:139,0
DA:143,0
DA:144,0
DA:147,0
DA:148,0
DA:149,0
DA:153,0
DA:154,0
DA:155,0
DA:160,0
DA:161,0
DA:162,0
DA:166,0
LF:40
LH:6
BRDA:89,0,0,0
BRDA:89,0,1,0
BRDA:93,1,0,0
BRDA:93,1,1,0
BRDA:118,2,0,0
BRDA:118,2,1,0
BRDA:127,3,0,0
BRDA:127,3,1,0
BRDA:148,4,0,0
BRDA:148,4,1,0
BRDA:148,5,0,0
BRDA:148,5,1,0
BRDA:154,6,0,0
BRDA:154,6,1,0
BRDA:154,7,0,0
BRDA:154,7,1,0
BRF:16
BRH:0
end_of_record
TN:
SF:E:\workspace\mt-mobile\src\image-preview\ImagePreview.vue
FN:60,getDistance
FN:88,_default
FN:128,data
FN:143,imageStyle
FN:157,cls
FN:161,imgCls
FN:165,indexCls
FN:169,imgListeners
FN:180,value
FN:184,startPosition
FN:192,onWrapperTouchStart
FN:196,onWrapperTouchEnd
FN:205,(anonymous_13)
FN:228,startMove
FN:242,startZoom
FN:249,onImageTouchStart
FN:260,onImageTouchMove
FN:281,onImageTouchEnd
FN:312,onSwipeChange
FN:318,resetScale
FN:324,toggleScale
FNF:21
FNH:0
FNDA:0,getDistance
FNDA:0,_default
FNDA:0,data
FNDA:0,imageStyle
FNDA:0,cls
FNDA:0,imgCls
FNDA:0,indexCls
FNDA:0,imgListeners
FNDA:0,value
FNDA:0,startPosition
FNDA:0,onWrapperTouchStart
FNDA:0,onWrapperTouchEnd
FNDA:0,(anonymous_13)
FNDA:0,startMove
FNDA:0,startZoom
FNDA:0,onImageTouchStart
FNDA:0,onImageTouchMove
FNDA:0,onImageTouchEnd
FNDA:0,onSwipeChange
FNDA:0,resetScale
FNDA:0,toggleScale
DA:49,2
DA:50,2
DA:51,2
DA:52,2
DA:53,2
DA:54,2
DA:55,2
DA:56,2
DA:61,0
DA:88,0
DA:129,0
DA:131,0
DA:143,0
DA:145,0
DA:149,0
DA:150,0
DA:154,0
DA:158,0
DA:162,0
DA:166,0
DA:170,0
DA:181,0
DA:185,0
DA:193,0
DA:196,0
DA:197,0
DA:199,0
DA:203,0
DA:204,0
DA:205,0
DA:206,0
DA:208,0
DA:209,0
DA:214,0
DA:215,0
DA:218,0
DA:221,0
DA:222,0
DA:223,0
DA:229,0
DA:230,0
DA:231,0
DA:232,0
DA:234,0
DA:235,0
DA:236,0
DA:237,0
DA:238,0
DA:239,0
DA:243,0
DA:244,0
DA:245,0
DA:246,0
DA:249,0
DA:253,0
DA:254,0
DA:256,0
DA:260,0
DA:262,0
DA:263,0
DA:266,0
DA:267,0
DA:268,0
DA:269,0
DA:270,0
DA:271,0
DA:274,0
DA:275,0
DA:276,0
DA:277,0
DA:283,0
DA:284,0
DA:286,0
DA:291,0
DA:294,0
DA:295,0
DA:296,0
DA:297,0
DA:298,0
DA:299,0
DA:301,0
DA:302,0
DA:306,0
DA:307,0
DA:313,0
DA:314,0
DA:315,0
DA:319,0
DA:320,0
DA:321,0
DA:325,0
DA:327,0
DA:328,0
DA:329,0
LF:94
LH:8
BRDA:146,0,0,0
BRDA:146,0,1,0
BRDA:149,1,0,0
BRDA:149,1,1,0
BRDA:196,2,0,0
BRDA:196,2,1,0
BRDA:203,3,0,0
BRDA:203,3,1,0
BRDA:203,4,0,0
BRDA:203,4,1,0
BRDA:203,4,2,0
BRDA:204,5,0,0
BRDA:204,5,1,0
BRDA:214,6,0,0
BRDA:214,6,1,0
BRDA:249,7,0,0
BRDA:249,7,1,0
BRDA:253,8,0,0
BRDA:253,8,1,0
BRDA:253,9,0,0
BRDA:253,9,1,0
BRDA:262,10,0,0
BRDA:262,10,1,0
BRDA:262,11,0,0
BRDA:262,11,1,0
BRDA:266,12,0,0
BRDA:266,12,1,0
BRDA:274,13,0,0
BRDA:274,13,1,0
BRDA:274,14,0,0
BRDA:274,14,1,0
BRDA:283,15,0,0
BRDA:283,16,0,0
BRDA:283,16,1,0
BRDA:286,17,0,0
BRDA:286,17,1,0
BRDA:286,18,0,0
BRDA:286,18,1,0
BRDA:286,18,2,0
BRDA:294,19,0,0
BRDA:294,19,1,0
BRDA:301,20,0,0
BRDA:301,20,1,0
BRDA:306,21,0,0
BRDA:306,21,1,0
BRDA:325,22,0,0
BRDA:325,22,1,0
BRF:47
BRH:0
end_of_record
TN:
SF:E:\workspace\mt-mobile\src\image-preview\index.js
FN:25,(anonymous_0)
FN:31,(anonymous_1)
FN:38,(anonymous_2)
FN:52,(anonymous_3)
FN:63,(anonymous_4)
FNF:5
FNH:1
FNDA:0,(anonymous_0)
FNDA:0,(anonymous_1)
FNDA:0,(anonymous_2)
FNDA:0,(anonymous_3)
FNDA:2,(anonymous_4)
DA:7,2
DA:25,2
DA:26,0
DA:29,0
DA:31,0
DA:32,0
DA:33,0
DA:38,2
DA:40,0
DA:44,0
DA:45,0
DA:48,0
DA:50,0
DA:52,0
DA:53,0
DA:56,0
DA:57,0
DA:60,0
DA:63,2
DA:64,2
LF:20
LH:5
BRDA:32,0,0,0
BRDA:32,0,1,0
BRDA:38,1,0,0
BRDA:40,2,0,0
BRDA:44,3,0,0
BRDA:44,3,1,0
BRDA:48,4,0,0
BRDA:48,4,1,0
BRDA:56,5,0,0
BRDA:56,5,1,0
BRF:10
BRH:0
end_of_record
TN:
SF:E:\workspace\mt-mobile\src\lazyload\index.js
FNF:0
FNH:0
LF:0
LH:0
BRF:0
BRH:0
end_of_record
TN:
SF:E:\workspace\mt-mobile\src\list\index.vue
FN:24,cls
FN:28,headerCls
FN:32,bodyCls
FN:36,footerCls
FNF:4
FNH:2
FNDA:1,cls
FNDA:0,headerCls
FNDA:1,bodyCls
FNDA:0,footerCls
DA:18,2
DA:25,1
DA:29,0
DA:33,1
DA:37,0
LF:5
LH:3
BRF:0
BRH:0
end_of_record
TN:
SF:E:\workspace\mt-mobile\src\list-item\index.vue
FN:61,cls
FN:72,activeCls
FN:76,lineCls
FN:86,arrowCls
FN:95,contentCls
FN:99,briefCls
FN:103,extraCls
FN:109,_getThumbCls
FN:113,onClick
FNF:9
FNH:7
FNDA:6,cls
FNDA:6,activeCls
FNDA:6,lineCls
FNDA:2,arrowCls
FNDA:6,contentCls
FNDA:0,briefCls
FNDA:2,extraCls
FNDA:1,_getThumbCls
FNDA:0,onClick
DA:42,2
DA:43,2
DA:44,2
DA:46,2
DA:61,18
DA:63,6
DA:73,6
DA:76,12
DA:78,6
DA:86,2
DA:88,2
DA:96,6
DA:100,0
DA:104,2
DA:110,1
DA:114,0
DA:115,0
LF:17
LH:14
BRF:0
BRH:0
end_of_record
TN:
SF:E:\workspace\mt-mobile\src\list-item\shared.js
FNF:0
FNH:0
DA:3,2
LF:1
LH:1
BRF:0
BRH:0
end_of_record
TN:
SF:E:\workspace\mt-mobile\src\loading\index.vue
FN:44,validator
FN:51,validator
FN:63,isCircular
FN:67,textStyle
FN:73,cls
FN:77,spanCls
FN:81,textCls
FNF:7
FNH:5
FNDA:1,validator
FNDA:1,validator
FNDA:1,isCircular
FNDA:0,textStyle
FNDA:1,cls
FNDA:1,spanCls
FNDA:0,textCls
DA:24,3
DA:25,3
DA:26,3
DA:30,3
DA:45,1
DA:52,1
DA:64,1
DA:68,0
DA:74,1
DA:78,1
DA:82,0
LF:11
LH:9
BRF:0
BRH:0
end_of_record
TN:
SF:E:\workspace\mt-mobile\src\locale\index.js
FNF:0
FNH:0
DA:5,4
DA:6,4
DA:8,4
DA:9,4
DA:15,0
DA:19,0
DA:20,0
DA:24,4
LF:8
LH:5
BRDA:23,0,0,0
BRF:1
BRH:0
end_of_record
TN:
SF:E:\workspace\mt-mobile\src\mixins\checkbox.js
FN:8,(anonymous_0)
FNF:1
FNH:1
FNDA:4,(anonymous_0)
DA:8,4
DA:27,0
DA:31,0
DA:32,0
DA:33,0
DA:41,0
DA:42,0
DA:45,0
DA:51,0
DA:52,0
DA:53,0
DA:55,0
DA:56,0
DA:59,0
DA:64,0
DA:66,0
DA:70,0
DA:79,0
DA:88,0
DA:89,0
DA:91,0
DA:94,0
LF:22
LH:1
BRDA:27,0,0,0
BRDA:27,0,1,0
BRDA:27,0,2,0
BRDA:32,1,0,0
BRDA:32,1,1,0
BRDA:32,2,0,0
BRDA:32,2,1,0
BRDA:32,2,2,0
BRDA:41,3,0,0
BRDA:41,3,1,0
BRDA:41,4,0,0
BRDA:41,4,1,0
BRDA:41,4,2,0
BRDA:53,5,0,0
BRDA:53,5,1,0
BRDA:53,5,2,0
BRDA:55,6,0,0
BRDA:55,6,1,0
BRDA:55,7,0,0
BRDA:55,7,1,0
BRDA:55,8,0,0
BRDA:55,8,1,0
BRDA:66,9,0,0
BRDA:66,9,1,0
BRDA:70,10,0,0
BRDA:70,10,1,0
BRDA:88,11,0,0
BRDA:88,11,1,0
BRF:28
BRH:0
end_of_record
TN:
SF:E:\workspace\mt-mobile\src\mixins\click-outside.js
FN:6,(anonymous_0)
FN:15,(anonymous_1)
FNF:2
FNH:1
FNDA:6,(anonymous_0)
FNDA:0,(anonymous_1)
DA:6,6
DA:15,0
DA:16,0
DA:17,0
DA:21,0
DA:25,0
DA:29,0
LF:7
LH:1
BRDA:16,0,0,0
BRDA:16,0,1,0
BRDA:16,1,0,0
BRDA:16,1,1,0
BRF:4
BRH:0
end_of_record
TN:
SF:E:\workspace\mt-mobile\src\mixins\relation.js
FN:1,ChildrenMixin
FN:28,(anonymous_1)
FN:54,ParentMixin
FNF:3
FNH:2
FNDA:18,ChildrenMixin
FNDA:0,(anonymous_1)
FNDA:18,ParentMixin
DA:2,18
DA:4,18
DA:13,0
DA:17,0
DA:18,0
DA:23,0
DA:27,0
DA:28,0
DA:34,0
DA:35,0
DA:38,0
DA:40,0
DA:41,0
DA:43,0
DA:44,0
DA:46,0
DA:55,18
DA:57,0
DA:63,0
LF:19
LH:3
BRDA:1,0,0,18
BRDA:2,1,0,18
BRDA:2,1,1,18
BRDA:27,2,0,0
BRDA:27,2,1,0
BRDA:34,3,0,0
BRDA:34,3,1,0
BRDA:40,4,0,0
BRDA:40,4,1,0
BRDA:43,5,0,0
BRDA:43,5,1,0
BRF:11
BRH:3
end_of_record
TN:
SF:E:\workspace\mt-mobile\src\mixins\popup\index.js
FN:186,(anonymous_0)
FNF:1
FNH:1
FNDA:6,(anonymous_0)
DA:8,3
DA:13,2
DA:14,2
DA:46,12
DA:53,12
DA:59,0
DA:60,0
DA:61,0
DA:62,0
DA:66,0
DA:71,12
DA:72,6
DA:78,0
DA:79,0
DA:84,0
DA:86,0
DA:87,0
DA:93,0
DA:104,6
DA:105,0
DA:108,6
DA:109,6
DA:111,6
DA:112,6
DA:113,6
DA:115,6
DA:116,1
DA:118,6
DA:123,1
DA:124,0
DA:127,1
DA:128,1
DA:129,1
DA:130,1
DA:132,1
DA:133,0
DA:137,1
DA:138,1
DA:139,1
DA:143,0
DA:144,0
DA:145,0
DA:146,0
DA:147,0
DA:167,6
DA:168,0
DA:171,6
DA:172,6
DA:179,0
DA:182,6
DA:186,6
DA:187,6
LF:52
LH:31
BRDA:13,0,0,2
BRDA:13,0,1,0
BRDA:53,1,0,12
BRDA:53,1,1,6
BRDA:59,2,0,0
BRDA:59,2,1,0
BRDA:60,3,0,0
BRDA:60,3,1,0
BRDA:71,4,0,6
BRDA:71,4,1,6
BRDA:78,5,0,0
BRDA:78,5,1,0
BRDA:86,6,0,0
BRDA:86,6,1,0
BRDA:86,7,0,0
BRDA:86,7,1,0
BRDA:86,7,2,0
BRDA:104,8,0,0
BRDA:104,8,1,6
BRDA:111,9,0,6
BRDA:111,9,1,0
BRDA:115,10,0,1
BRDA:115,10,1,5
BRDA:123,11,0,0
BRDA:123,11,1,1
BRDA:127,12,0,1
BRDA:127,12,1,0
BRDA:132,13,0,0
BRDA:132,13,1,1
BRDA:144,14,0,0
BRDA:144,14,1,0
BRDA:167,15,0,0
BRDA:167,15,1,6
BRDA:167,16,0,6
BRDA:167,16,1,6
BRDA:171,17,0,6
BRDA:171,17,1,0
BRF:37
BRH:16
end_of_record
TN:
SF:E:\workspace\mt-mobile\src\mixins\popup\overlay.js
FN:13,onClickOverlay
FN:28,updateOverlay
FN:54,openOverlay
FN:55,(anonymous_3)
FN:61,closeOverlay
FN:69,(anonymous_5)
FNF:6
FNH:5
FNDA:1,onClickOverlay
FNDA:9,updateOverlay
FNDA:6,openOverlay
FNDA:11,(anonymous_3)
FNDA:1,closeOverlay
FNDA:0,(anonymous_5)
DA:5,3
DA:14,1
DA:15,1
DA:16,1
DA:18,1
DA:19,1
DA:20,0
DA:22,1
DA:29,9
DA:30,1
DA:37,9
DA:38,9
DA:40,9
DA:41,9
DA:42,9
DA:43,9
DA:46,9
DA:50,0
DA:55,11
DA:56,6
DA:57,6
DA:62,1
DA:64,1
DA:65,1
DA:66,1
DA:67,1
DA:69,0
LF:27
LH:24
BRDA:14,0,0,1
BRDA:14,0,1,0
BRDA:18,1,0,1
BRDA:18,1,1,0
BRDA:19,2,0,0
BRDA:19,2,1,1
BRDA:29,3,0,1
BRDA:29,3,1,8
BRDA:37,4,0,9
BRDA:37,4,1,0
BRDA:41,5,0,2
BRDA:41,5,1,7
BRDA:41,6,0,9
BRDA:41,6,1,9
BRDA:42,7,0,9
BRDA:42,7,1,0
BRDA:55,8,0,6
BRDA:55,8,1,0
BRDA:64,9,0,1
BRDA:64,9,1,0
BRDA:65,10,0,1
BRDA:65,10,1,0
BRF:22
BRH:14
end_of_record
TN:
SF:E:\workspace\mt-mobile\src\nav-bar\index.vue
FN:60,style
FN:66,cls
FN:76,leftCls
FN:80,rightCls
FN:84,titleCls
FN:88,arrowCls
FN:92,textCls
FNF:7
FNH:0
FNDA:0,style
FNDA:0,cls
FNDA:0,leftCls
FNDA:0,rightCls
FNDA:0,titleCls
FNDA:0,arrowCls
FNDA:0,textCls
DA:32,2
DA:33,2
DA:61,0
DA:67,0
DA:77,0
DA:81,0
DA:85,0
DA:89,0
DA:93,0
LF:9
LH:2
BRF:0
BRH:0
end_of_record
TN:
SF:E:\workspace\mt-mobile\src\notice-bar\index.vue
FN:77,data
FN:89,cls
FN:93,leftIconCls
FN:97,rightIconCls
FN:101,wrapCls
FN:105,contentCls
FN:113,barStyle
FN:120,contentStyle
FN:128,rightIconName
FN:138,handler
FN:139,(anonymous_11)
FN:160,onClick
FN:164,onClickIcon
FN:171,onAnimationEnd
FN:173,(anonymous_15)
FNF:15
FNH:0
FNDA:0,data
FNDA:0,cls
FNDA:0,leftIconCls
FNDA:0,rightIconCls
FNDA:0,wrapCls
FNDA:0,contentCls
FNDA:0,barStyle
FNDA:0,contentStyle
FNDA:0,rightIconName
FNDA:0,handler
FNDA:0,(anonymous_11)
FNDA:0,onClick
FNDA:0,onClickIcon
FNDA:0,onAnimationEnd
FNDA:0,(anonymous_15)
DA:46,2
DA:47,2
DA:78,0
DA:90,0
DA:94,0
DA:98,0
DA:102,0
DA:106,0
DA:114,0
DA:121,0
DA:129,0
DA:130,0
DA:132,0
DA:138,0
DA:139,0
DA:141,0
DA:142,0
DA:145,0
DA:146,0
DA:147,0
DA:148,0
DA:149,0
DA:150,0
DA:151,0
DA:161,0
DA:165,0
DA:166,0
DA:167,0
DA:171,0
DA:172,0
DA:173,0
DA:174,0
DA:175,0
LF:33
LH:2
BRDA:109,0,0,0
BRDA:109,0,1,0
BRDA:122,1,0,0
BRDA:122,1,1,0
BRDA:123,2,0,0
BRDA:123,2,1,0
BRDA:129,3,0,0
BRDA:129,3,1,0
BRDA:132,4,0,0
BRDA:132,4,1,0
BRDA:141,5,0,0
BRDA:141,5,1,0
BRDA:141,6,0,0
BRDA:141,6,1,0
BRDA:147,7,0,0
BRDA:147,7,1,0
BRDA:147,8,0,0
BRDA:147,8,1,0
BRDA:165,9,0,0
BRDA:165,9,1,0
BRF:20
BRH:0
end_of_record
TN:
SF:E:\workspace\mt-mobile\src\notify\Notify.vue
FN:49,style
FN:56,cls
FNF:2
FNH:0
FNDA:0,style
FNDA:0,cls
DA:15,2
DA:16,2
DA:17,2
DA:18,2
DA:20,2
DA:50,0
DA:57,0
LF:7
LH:5
BRF:0
BRH:0
end_of_record
TN:
SF:E:\workspace\mt-mobile\src\notify\index.js
FN:10,parseOptions
FN:14,Notify
FN:57,defaultOptions
FN:71,(anonymous_3)
FN:79,(anonymous_4)
FN:83,(anonymous_5)
FN:87,(anonymous_6)
FNF:7
FNH:2
FNDA:0,parseOptions
FNDA:0,Notify
FNDA:2,defaultOptions
FNDA:0,(anonymous_3)
FNDA:0,(anonymous_4)
FNDA:0,(anonymous_5)
FNDA:2,(anonymous_6)
DA:11,0
DA:16,0
DA:20,0
DA:21,0
DA:24,0
DA:25,0
DA:29,0
DA:30,0
DA:34,0
DA:35,0
DA:42,0
DA:47,0
DA:48,0
DA:50,0
DA:51,0
DA:54,0
DA:58,2
DA:71,2
DA:72,0
DA:73,0
DA:77,2
DA:79,2
DA:80,0
DA:83,2
DA:84,0
DA:87,2
DA:88,2
DA:91,2
LF:28
LH:8
BRDA:11,0,0,0
BRDA:11,0,1,0
BRDA:16,1,0,0
BRDA:20,2,0,0
BRDA:20,2,1,0
BRDA:24,3,0,0
BRDA:24,3,1,0
BRDA:29,4,0,0
BRDA:29,4,1,0
BRDA:34,5,0,0
BRDA:34,5,1,0
BRDA:50,6,0,0
BRDA:50,6,1,0
BRDA:50,7,0,0
BRDA:50,7,1,0
BRDA:72,8,0,0
BRDA:72,8,1,0
BRF:17
BRH:0
end_of_record
TN:
SF:E:\workspace\mt-mobile\src\overlay\index.vue
FN:33,style
FN:46,cls
FN:52,preventTouchMove
FNF:3
FNH:2
FNDA:24,style
FNDA:17,cls
FNDA:0,preventTouchMove
DA:15,3
DA:16,3
DA:34,24
DA:39,24
DA:40,0
DA:43,24
DA:47,17
DA:53,0
LF:8
LH:6
BRDA:39,0,0,0
BRDA:39,0,1,24
BRF:2
BRH:1
end_of_record
TN:
SF:E:\workspace\mt-mobile\src\picker\PickerColumn.vue
FN:45,getElementTranslateY
FN:53,isOptionDisabled
FN:69,_default
FN:73,data
FN:83,defaultIndex
FN:89,count
FN:93,baseOffset
FN:97,wrapperStyle
FN:109,cls
FN:113,wrapperCls
FN:119,created
FN:127,destroyed
FN:136,_getItemCls
FN:143,onTouchStart
FN:160,onTouchMove
FN:181,onTouchEnd
FN:198,onTransitionEnd
FN:202,onClickItem
FN:211,adjustIndex
FN:223,getOptionText
FN:227,setIndex
FN:231,trigger
FN:250,setValue
FN:259,getValue
FN:263,getIndexByOffset
FN:267,momentum
FN:278,stopMomentum
FNF:27
FNH:0
FNDA:0,getElementTranslateY
FNDA:0,isOptionDisabled
FNDA:0,_default
FNDA:0,data
FNDA:0,defaultIndex
FNDA:0,count
FNDA:0,baseOffset
FNDA:0,wrapperStyle
FNDA:0,cls
FNDA:0,wrapperCls
FNDA:0,created
FNDA:0,destroyed
FNDA:0,_getItemCls
FNDA:0,onTouchStart
FNDA:0,onTouchMove
FNDA:0,onTouchEnd
FNDA:0,onTransitionEnd
FNDA:0,onClickItem
FNDA:0,adjustIndex
FNDA:0,getOptionText
FNDA:0,setIndex
FNDA:0,trigger
FNDA:0,setValue
FNDA:0,getValue
FNDA:0,getIndexByOffset
FNDA:0,momentum
FNDA:0,stopMomentum
DA:28,2
DA:29,2
DA:30,2
DA:31,2
DA:32,2
DA:34,2
DA:39,2
DA:40,2
DA:41,2
DA:46,0
DA:47,0
DA:48,0
DA:50,0
DA:54,0
DA:69,0
DA:74,0
DA:84,0
DA:90,0
DA:94,0
DA:97,0
DA:101,0
DA:110,0
DA:114,0
DA:120,0
DA:121,0
DA:124,0
DA:127,0
DA:130,0
DA:131,0
DA:137,0
DA:144,0
DA:146,0
DA:147,0
DA:148,0
DA:149,0
DA:151,0
DA:154,0
DA:155,0
DA:156,0
DA:157,0
DA:161,0
DA:162,0
DA:164,0
DA:165,0
DA:168,0
DA:174,0
DA:175,0
DA:176,0
DA:177,0
DA:182,0
DA:183,0
DA:184,0
DA:187,0
DA:188,0
DA:189,0
DA:192,0
DA:193,0
DA:194,0
DA:195,0
DA:199,0
DA:203,0
DA:204,0
DA:207,0
DA:208,0
DA:212,0
DA:214,0
DA:215,0
DA:218,0
DA:219,0
DA:224,0
DA:227,0
DA:228,0
DA:229,0
DA:231,0
DA:232,0
DA:233,0
DA:235,0
DA:236,0
DA:243,0
DA:244,0
DA:246,0
DA:250,0
DA:252,0
DA:253,0
DA:254,0
DA:260,0
DA:264,0
DA:268,0
DA:270,0
DA:272,0
DA:274,0
DA:275,0
DA:279,0
DA:280,0
DA:282,0
DA:283,0
DA:284,0
LF:97
LH:9
BRDA:47,0,0,0
BRDA:47,0,1,0
BRDA:54,1,0,0
BRDA:54,1,1,0
BRDA:104,2,0,0
BRDA:104,2,1,0
BRDA:120,3,0,0
BRDA:120,3,1,0
BRDA:130,4,0,0
BRDA:130,4,1,0
BRDA:146,5,0,0
BRDA:146,5,1,0
BRDA:164,6,0,0
BRDA:164,6,1,0
BRDA:175,7,0,0
BRDA:175,7,1,0
BRDA:184,8,0,0
BRDA:184,8,1,0
BRDA:187,9,0,0
BRDA:187,9,1,0
BRDA:203,10,0,0
BRDA:203,10,1,0
BRDA:215,11,0,0
BRDA:215,11,1,0
BRDA:219,12,0,0
BRDA:219,12,1,0
BRDA:224,13,0,0
BRDA:224,13,1,0
BRDA:228,14,0,0
BRDA:228,14,1,0
BRDA:232,15,0,0
BRDA:232,15,1,0
BRDA:235,16,0,0
BRDA:235,16,1,0
BRDA:243,17,0,0
BRDA:243,17,1,0
BRDA:253,18,0,0
BRDA:253,18,1,0
BRDA:270,19,0,0
BRDA:270,19,1,0
BRDA:282,20,0,0
BRDA:282,20,1,0
BRF:42
BRH:0
end_of_record
TN:
SF:E:\workspace\mt-mobile\src\picker\index.vue
FN:96,_default
FN:108,data
FN:115,_columns
FN:119,simple
FN:123,loadingColor
FN:127,cancelBtnText
FN:131,confirmBtnText
FN:135,wrapHeight
FN:139,maskStyle
FN:145,frameStyle
FN:151,cls
FN:155,toolbarCls
FN:159,titleCls
FN:163,columnsCls
FN:167,maskCls
FN:171,frameCls
FN:181,_getCancelBtnCls
FN:185,_getConfirmBtnCls
FN:189,_getLoadingCls
FN:195,setColumns
FN:197,(anonymous_21)
FN:202,emit
FN:210,onChange
FN:219,getColumn
FN:224,getColumnValue
FN:230,setColumnValue
FN:236,getColumnIndex
FN:241,setColumnIndex
FN:247,getColumnValues
FN:252,setColumnValues
FN:261,getValues
FN:262,(anonymous_32)
FN:266,setValues
FN:267,(anonymous_34)
FN:273,getIndexes
FN:274,(anonymous_36)
FN:278,setIndexes
FN:279,(anonymous_38)
FN:284,onConfirm
FN:285,(anonymous_40)
FN:289,onCancel
FNF:41
FNH:0
FNDA:0,_default
FNDA:0,data
FNDA:0,_columns
FNDA:0,simple
FNDA:0,loadingColor
FNDA:0,cancelBtnText
FNDA:0,confirmBtnText
FNDA:0,wrapHeight
FNDA:0,maskStyle
FNDA:0,frameStyle
FNDA:0,cls
FNDA:0,toolbarCls
FNDA:0,titleCls
FNDA:0,columnsCls
FNDA:0,maskCls
FNDA:0,frameCls
FNDA:0,_getCancelBtnCls
FNDA:0,_getConfirmBtnCls
FNDA:0,_getLoadingCls
FNDA:0,setColumns
FNDA:0,(anonymous_21)
FNDA:0,emit
FNDA:0,onChange
FNDA:0,getColumn
FNDA:0,getColumnValue
FNDA:0,setColumnValue
FNDA:0,getColumnIndex
FNDA:0,setColumnIndex
FNDA:0,getColumnValues
FNDA:0,setColumnValues
FNDA:0,getValues
FNDA:0,(anonymous_32)
FNDA:0,setValues
FNDA:0,(anonymous_34)
FNDA:0,getIndexes
FNDA:0,(anonymous_36)
FNDA:0,setIndexes
FNDA:0,(anonymous_38)
FNDA:0,onConfirm
FNDA:0,(anonymous_40)
FNDA:0,onCancel
DA:72,2
DA:73,2
DA:74,2
DA:75,2
DA:76,2
DA:77,2
DA:78,2
DA:96,0
DA:109,0
DA:116,0
DA:120,0
DA:124,0
DA:128,0
DA:132,0
DA:136,0
DA:140,0
DA:146,0
DA:152,0
DA:156,0
DA:160,0
DA:164,0
DA:168,0
DA:172,0
DA:182,0
DA:186,0
DA:190,0
DA:195,0
DA:196,0
DA:197,0
DA:198,0
DA:203,0
DA:204,0
DA:206,0
DA:211,0
DA:212,0
DA:214,0
DA:220,0
DA:225,0
DA:226,0
DA:231,0
DA:232,0
DA:237,0
DA:242,0
DA:243,0
DA:248,0
DA:253,0
DA:254,0
DA:255,0
DA:256,0
DA:262,0
DA:266,0
DA:267,0
DA:268,0
DA:274,0
DA:278,0
DA:279,0
DA:280,0
DA:285,0
DA:286,0
DA:290,0
LF:60
LH:7
BRDA:116,0,0,0
BRDA:116,0,1,0
BRDA:120,1,0,0
BRDA:120,1,1,0
BRDA:128,2,0,0
BRDA:128,2,1,0
BRDA:132,3,0,0
BRDA:132,3,1,0
BRDA:196,4,0,0
BRDA:196,4,1,0
BRDA:203,5,0,0
BRDA:203,5,1,0
BRDA:211,6,0,0
BRDA:211,6,1,0
BRDA:226,7,0,0
BRDA:226,7,1,0
BRDA:232,8,0,0
BRDA:232,8,1,0
BRDA:237,9,0,0
BRDA:237,9,1,0
BRDA:243,10,0,0
BRDA:243,10,1,0
BRDA:248,11,0,0
BRDA:248,11,1,0
BRDA:254,12,0,0
BRDA:254,12,1,0
BRDA:254,13,0,0
BRDA:254,13,1,0
BRF:28
BRH:0
end_of_record
TN:
SF:E:\workspace\mt-mobile\src\picker\shared.js
FNF:0
FNH:0
DA:1,2
LF:1
LH:1
BRF:0
BRH:0
end_of_record
TN:
SF:E:\workspace\mt-mobile\src\popover\index.vue
FN:83,validator
FN:102,data
FN:109,style
FN:116,cls
FN:119,contentCls
FN:122,arrowCls
FN:125,innerCls
FN:130,beforeCreate
FN:131,createEmitter
FN:137,mounted
FN:141,updated
FN:142,(anonymous_13)
FN:148,onSelect
FN:155,getLeftPosition
FN:201,getTopPosition
FN:247,onClickOutside
FN:252,setStyle
FNF:17
FNH:0
FNDA:0,validator
FNDA:0,data
FNDA:0,style
FNDA:0,cls
FNDA:0,contentCls
FNDA:0,arrowCls
FNDA:0,innerCls
FNDA:0,beforeCreate
FNDA:0,createEmitter
FNDA:0,mounted
FNDA:0,updated
FNDA:0,(anonymous_13)
FNDA:0,onSelect
FNDA:0,getLeftPosition
FNDA:0,getTopPosition
FNDA:0,onClickOutside
FNDA:0,setStyle
DA:27,2
DA:28,2
DA:29,2
DA:30,2
DA:31,2
DA:32,2
DA:33,2
DA:36,2
DA:37,2
DA:38,2
DA:39,2
DA:40,2
DA:41,2
DA:42,2
DA:43,2
DA:44,2
DA:45,2
DA:46,2
DA:47,2
DA:48,2
DA:84,0
DA:103,0
DA:110,0
DA:111,0
DA:112,0
DA:114,0
DA:117,0
DA:120,0
DA:123,0
DA:126,0
DA:130,0
DA:131,0
DA:133,0
DA:134,0
DA:138,0
DA:141,0
DA:142,0
DA:143,0
DA:149,0
DA:150,0
DA:151,0
DA:156,0
DA:157,0
DA:158,0
DA:159,0
DA:163,0
DA:164,0
DA:165,0
DA:166,0
DA:168,0
DA:170,0
DA:174,0
DA:175,0
DA:176,0
DA:177,0
DA:179,0
DA:180,0
DA:182,0
DA:185,0
DA:186,0
DA:189,0
DA:190,0
DA:193,0
DA:194,0
DA:196,0
DA:197,0
DA:198,0
DA:202,0
DA:203,0
DA:204,0
DA:205,0
DA:209,0
DA:210,0
DA:211,0
DA:212,0
DA:214,0
DA:217,0
DA:221,0
DA:222,0
DA:223,0
DA:224,0
DA:226,0
DA:228,0
DA:231,0
DA:232,0
DA:235,0
DA:236,0
DA:239,0
DA:240,0
DA:242,0
DA:243,0
DA:244,0
DA:248,0
DA:249,0
DA:253,0
DA:254,0
DA:255,0
DA:256,0
DA:257,0
DA:258,0
DA:259,0
DA:260,0
LF:102
LH:20
BRDA:111,0,0,0
BRDA:111,0,1,0
BRDA:150,1,0,0
BRDA:150,1,1,0
BRDA:160,2,0,0
BRDA:160,2,1,0
BRDA:160,2,2,0
BRDA:160,2,3,0
BRDA:160,2,4,0
BRDA:160,2,5,0
BRDA:160,2,6,0
BRDA:160,2,7,0
BRDA:160,2,8,0
BRDA:160,2,9,0
BRDA:160,2,10,0
BRDA:160,2,11,0
BRDA:164,3,0,0
BRDA:164,3,1,0
BRDA:175,4,0,0
BRDA:175,4,1,0
BRDA:206,5,0,0
BRDA:206,5,1,0
BRDA:206,5,2,0
BRDA:206,5,3,0
BRDA:206,5,4,0
BRDA:206,5,5,0
BRDA:206,5,6,0
BRDA:206,5,7,0
BRDA:206,5,8,0
BRDA:206,5,9,0
BRDA:206,5,10,0
BRDA:206,5,11,0
BRDA:210,6,0,0
BRDA:210,6,1,0
BRDA:222,7,0,0
BRDA:222,7,1,0
BRDA:248,8,0,0
BRDA:248,8,1,0
BRDA:253,9,0,0
BRDA:253,9,1,0
BRDA:256,10,0,0
BRDA:256,10,1,0
BRDA:258,11,0,0
BRDA:258,11,1,0
BRF:44
BRH:0
end_of_record
TN:
SF:E:\workspace\mt-mobile\src\popover-item\index.vue
FN:55,isFirst
FN:59,cls
FN:63,activeCls
FN:67,containerCls
FN:71,contentCls
FN:77,_getIconCls
FN:81,onClick
FNF:7
FNH:0
FNDA:0,isFirst
FNDA:0,cls
FNDA:0,activeCls
FNDA:0,containerCls
FNDA:0,contentCls
FNDA:0,_getIconCls
FNDA:0,onClick
DA:26,2
DA:27,2
DA:29,2
DA:30,2
DA:31,2
DA:56,0
DA:60,0
DA:64,0
DA:68,0
DA:72,0
DA:78,0
DA:82,0
DA:83,0
DA:84,0
DA:85,0
LF:15
LH:5
BRDA:82,0,0,0
BRDA:82,0,1,0
BRDA:84,1,0,0
BRDA:84,1,1,0
BRDA:85,2,0,0
BRDA:85,2,1,0
BRF:6
BRH:0
end_of_record
TN:
SF:E:\workspace\mt-mobile\src\popup\index.vue
FN:47,transitionName
FN:53,style
FN:61,cls
FN:67,beforeCreate
FN:68,createEmitter
FNF:5
FNH:5
FNDA:12,transitionName
FNDA:7,style
FNDA:7,cls
FNDA:12,beforeCreate
FNDA:37,createEmitter
DA:20,3
DA:21,3
DA:47,12
DA:49,12
DA:54,7
DA:55,7
DA:56,0
DA:58,7
DA:61,14
DA:63,7
DA:67,12
DA:68,49
DA:70,12
DA:71,12
DA:72,12
LF:15
LH:14
BRDA:49,0,0,12
BRDA:49,0,1,24
BRDA:55,1,0,0
BRDA:55,1,1,7
BRF:4
BRH:3
end_of_record
TN:
SF:E:\workspace\mt-mobile\src\pull-refresh\index.vue
FN:64,data
FN:73,untouchable
FN:77,isTextStatus
FN:81,style
FN:88,cls
FN:92,trackCls
FN:96,headCls
FN:100,textCls
FN:104,text
FN:110,value
FN:115,(anonymous_11)
FN:124,mounted
FN:129,onTouchStart
FN:136,onTouchMove
FN:157,onTouchEnd
FN:166,(anonymous_16)
FN:175,getCeiling
FN:180,ease
FN:191,setStatus
FNF:19
FNH:0
FNDA:0,data
FNDA:0,untouchable
FNDA:0,isTextStatus
FNDA:0,style
FNDA:0,cls
FNDA:0,trackCls
FNDA:0,headCls
FNDA:0,textCls
FNDA:0,text
FNDA:0,value
FNDA:0,(anonymous_11)
FNDA:0,mounted
FNDA:0,onTouchStart
FNDA:0,onTouchMove
FNDA:0,onTouchEnd
FNDA:0,(anonymous_16)
FNDA:0,getCeiling
FNDA:0,ease
FNDA:0,setStatus
DA:23,2
DA:24,2
DA:25,2
DA:26,2
DA:28,2
DA:31,2
DA:65,0
DA:74,0
DA:78,0
DA:82,0
DA:89,0
DA:93,0
DA:97,0
DA:101,0
DA:105,0
DA:110,0
DA:111,0
DA:113,0
DA:114,0
DA:115,0
DA:116,0
DA:119,0
DA:125,0
DA:130,0
DA:131,0
DA:132,0
DA:137,0
DA:138,0
DA:141,0
DA:143,0
DA:144,0
DA:145,0
DA:146,0
DA:149,0
DA:150,0
DA:151,0
DA:152,0
DA:157,0
DA:158,0
DA:159,0
DA:161,0
DA:162,0
DA:163,0
DA:166,0
DA:167,0
DA:170,0
DA:176,0
DA:177,0
DA:180,0
DA:182,0
DA:192,0
DA:194,0
DA:202,0
DA:203,0
LF:54
LH:6
BRDA:74,0,0,0
BRDA:74,0,1,0
BRDA:74,0,2,0
BRDA:84,1,0,0
BRDA:84,1,1,0
BRDA:105,2,0,0
BRDA:105,2,1,0
BRDA:113,3,0,0
BRDA:113,3,1,0
BRDA:113,4,0,0
BRDA:113,4,1,0
BRDA:119,5,0,0
BRDA:119,5,1,0
BRDA:130,6,0,0
BRDA:130,6,1,0
BRDA:130,7,0,0
BRDA:130,7,1,0
BRDA:137,8,0,0
BRDA:137,8,1,0
BRDA:143,9,0,0
BRDA:143,9,1,0
BRDA:143,10,0,0
BRDA:143,10,1,0
BRDA:149,11,0,0
BRDA:149,11,1,0
BRDA:149,12,0,0
BRDA:149,12,1,0
BRDA:150,13,0,0
BRDA:150,13,1,0
BRDA:158,14,0,0
BRDA:158,14,1,0
BRDA:158,15,0,0
BRDA:158,15,1,0
BRDA:158,15,2,0
BRDA:161,16,0,0
BRDA:161,16,1,0
BRDA:182,17,0,0
BRDA:182,17,1,0
BRDA:194,18,0,0
BRDA:194,18,1,0
BRDA:202,19,0,0
BRDA:202,19,1,0
BRF:42
BRH:0
end_of_record
TN:
SF:E:\workspace\mt-mobile\src\radio\index.vue
FN:16,get
FN:20,set
FN:25,checked
FN:31,toggle
FNF:4
FNH:0
FNDA:0,get
FNDA:0,set
FNDA:0,checked
FNDA:0,toggle
DA:2,2
DA:3,2
DA:17,0
DA:21,0
DA:26,0
DA:32,0
LF:6
LH:2
BRDA:17,0,0,0
BRDA:17,0,1,0
BRDA:21,1,0,0
BRDA:21,1,1,0
BRF:4
BRH:0
end_of_record
TN:
SF:E:\workspace\mt-mobile\src\radio-group\index.vue
FN:22,cls
FN:28,value
FNF:2
FNH:0
FNDA:0,cls
FNDA:0,value
DA:8,2
DA:9,2
DA:23,0
DA:29,0
LF:4
LH:2
BRF:0
BRH:0
end_of_record
TN:
SF:E:\workspace\mt-mobile\src\rate\index.vue
FN:45,getRateStatus
FN:66,isFull
FN:70,isVoid
FN:118,list
FN:127,sizeWithUnit
FN:131,gutterWithUnit
FN:135,cls
FN:139,itemCls
FN:145,_getAriaChecked
FN:149,_getItemStyle
FN:157,_getIconStyle
FN:167,_getIconHalfStyle
FN:179,_getIconCls
FN:187,_getIconHalfCls
FN:195,select
FN:202,onTouchStart
FN:209,(anonymous_17)
FN:212,(anonymous_18)
FN:226,onTouchMove
FN:241,getScoreByPosition
FNF:20
FNH:0
FNDA:0,getRateStatus
FNDA:0,isFull
FNDA:0,isVoid
FNDA:0,list
FNDA:0,sizeWithUnit
FNDA:0,gutterWithUnit
FNDA:0,cls
FNDA:0,itemCls
FNDA:0,_getAriaChecked
FNDA:0,_getItemStyle
FNDA:0,_getIconStyle
FNDA:0,_getIconHalfStyle
FNDA:0,_getIconCls
FNDA:0,_getIconHalfCls
FNDA:0,select
FNDA:0,onTouchStart
FNDA:0,(anonymous_17)
FNDA:0,(anonymous_18)
FNDA:0,onTouchMove
FNDA:0,getScoreByPosition
DA:39,2
DA:40,2
DA:41,2
DA:46,0
DA:47,0
DA:53,0
DA:54,0
DA:60,0
DA:67,0
DA:71,0
DA:119,0
DA:120,0
DA:121,0
DA:124,0
DA:128,0
DA:132,0
DA:136,0
DA:140,0
DA:146,0
DA:151,0
DA:152,0
DA:154,0
DA:157,0
DA:161,0
DA:167,0
DA:172,0
DA:180,0
DA:188,0
DA:196,0
DA:197,0
DA:198,0
DA:202,0
DA:203,0
DA:204,0
DA:207,0
DA:209,0
DA:210,0
DA:212,0
DA:213,0
DA:214,0
DA:219,0
DA:223,0
DA:227,0
DA:228,0
DA:231,0
DA:233,0
DA:234,0
DA:237,0
DA:242,0
DA:243,0
DA:244,0
DA:248,0
LF:52
LH:3
BRDA:46,0,0,0
BRDA:46,0,1,0
BRDA:53,1,0,0
BRDA:53,1,1,0
BRDA:53,2,0,0
BRDA:53,2,1,0
BRDA:151,3,0,0
BRDA:151,3,1,0
BRDA:151,4,0,0
BRDA:151,4,1,0
BRDA:163,5,0,0
BRDA:163,5,1,0
BRDA:175,6,0,0
BRDA:175,6,1,0
BRDA:180,7,0,0
BRDA:180,7,1,0
BRDA:188,8,0,0
BRDA:188,8,1,0
BRDA:196,9,0,0
BRDA:196,9,1,0
BRDA:196,10,0,0
BRDA:196,10,1,0
BRDA:196,10,2,0
BRDA:203,11,0,0
BRDA:203,11,1,0
BRDA:203,12,0,0
BRDA:203,12,1,0
BRDA:203,12,2,0
BRDA:213,13,0,0
BRDA:213,13,1,0
BRDA:227,14,0,0
BRDA:227,14,1,0
BRDA:227,15,0,0
BRDA:227,15,1,0
BRDA:227,15,2,0
BRDA:233,16,0,0
BRDA:233,16,1,0
BRDA:243,17,0,0
BRDA:243,17,1,0
BRDA:248,18,0,0
BRDA:248,18,1,0
BRF:41
BRH:0
end_of_record
TN:
SF:E:\workspace\mt-mobile\src\row\index.vue
FN:38,flex
FN:42,style
FN:47,cls
FNF:3
FNH:0
FNDA:0,flex
FNDA:0,style
FNDA:0,cls
DA:12,2
DA:14,2
DA:39,0
DA:43,0
DA:44,0
DA:47,0
DA:49,0
LF:7
LH:2
BRDA:44,0,0,0
BRDA:44,0,1,0
BRDA:49,1,0,0
BRDA:49,1,1,0
BRF:4
BRH:0
end_of_record
TN:
SF:E:\workspace\mt-mobile\src\search\index.vue
FN:74,cancelText
FN:78,cls
FN:82,contentCls
FN:86,labelCls
FN:90,actionCls
FN:96,onKeypress
FN:105,onCancel
FNF:7
FNH:0
FNDA:0,cancelText
FNDA:0,cls
FNDA:0,contentCls
FNDA:0,labelCls
FNDA:0,actionCls
FNDA:0,onKeypress
FNDA:0,onCancel
DA:36,2
DA:37,2
DA:38,2
DA:75,0
DA:79,0
DA:83,0
DA:87,0
DA:91,0
DA:98,0
DA:99,0
DA:100,0
DA:102,0
DA:106,0
DA:107,0
LF:14
LH:3
BRDA:75,0,0,0
BRDA:75,0,1,0
BRDA:98,1,0,0
BRDA:98,1,1,0
BRF:4
BRH:0
end_of_record
TN:
SF:E:\workspace\mt-mobile\src\sidebar\index.vue
FN:28,cls
FNF:1
FNH:0
FNDA:0,cls
DA:8,2
DA:9,2
DA:29,0
LF:3
LH:2
BRF:0
BRH:0
end_of_record
TN:
SF:E:\workspace\mt-mobile\src\sidebar-item\index.vue
FN:41,select
FN:45,cls
FN:49,textCls
FN:55,onClick
FNF:4
FNH:0
FNDA:0,select
FNDA:0,cls
FNDA:0,textCls
FNDA:0,onClick
DA:17,2
DA:18,2
DA:19,2
DA:21,2
DA:42,0
DA:46,0
DA:50,0
DA:56,0
DA:57,0
DA:60,0
DA:61,0
DA:62,0
DA:63,0
LF:13
LH:4
BRDA:56,0,0,0
BRDA:56,0,1,0
BRF:2
BRH:0
end_of_record
TN:
SF:E:\workspace\mt-mobile\src\slider\index.vue
FN:67,range
FN:71,style
FN:77,barStyle
FN:91,cls
FN:96,barCls
FN:100,buttonWrapperCls
FN:104,buttonCls
FN:109,created
FN:115,onTouchStart
FN:125,onTouchMove
FN:147,onTouchEnd
FN:160,onClick
FN:174,updateValue
FN:186,format
FNF:14
FNH:0
FNDA:0,range
FNDA:0,style
FNDA:0,barStyle
FNDA:0,cls
FNDA:0,barCls
FNDA:0,buttonWrapperCls
FNDA:0,buttonCls
FNDA:0,created
FNDA:0,onTouchStart
FNDA:0,onTouchMove
FNDA:0,onTouchEnd
FNDA:0,onClick
FNDA:0,updateValue
FNDA:0,format
DA:30,2
DA:31,2
DA:32,2
DA:68,0
DA:72,0
DA:77,0
DA:81,0
DA:82,0
DA:84,0
DA:91,0
DA:93,0
DA:97,0
DA:101,0
DA:105,0
DA:111,0
DA:116,0
DA:117,0
DA:120,0
DA:121,0
DA:122,0
DA:126,0
DA:127,0
DA:130,0
DA:131,0
DA:134,0
DA:135,0
DA:136,0
DA:138,0
DA:139,0
DA:140,0
DA:141,0
DA:143,0
DA:144,0
DA:148,0
DA:149,0
DA:152,0
DA:153,0
DA:154,0
DA:157,0
DA:161,0
DA:163,0
DA:165,0
DA:166,0
DA:167,0
DA:168,0
DA:170,0
DA:171,0
DA:175,0
DA:177,0
DA:178,0
DA:181,0
DA:182,0
DA:187,0
LF:53
LH:3
BRDA:81,0,0,0
BRDA:81,0,1,0
BRDA:82,1,0,0
BRDA:82,1,1,0
BRDA:116,2,0,0
BRDA:116,2,1,0
BRDA:126,3,0,0
BRDA:126,3,1,0
BRDA:130,4,0,0
BRDA:130,4,1,0
BRDA:139,5,0,0
BRDA:139,5,1,0
BRDA:140,6,0,0
BRDA:140,6,1,0
BRDA:148,7,0,0
BRDA:148,7,1,0
BRDA:152,8,0,0
BRDA:152,8,1,0
BRDA:163,9,0,0
BRDA:163,9,1,0
BRDA:166,10,0,0
BRDA:166,10,1,0
BRDA:167,11,0,0
BRDA:167,11,1,0
BRDA:177,12,0,0
BRDA:177,12,1,0
BRDA:181,13,0,0
BRDA:181,13,1,0
BRDA:181,14,0,0
BRDA:181,14,1,0
BRF:30
BRH:0
end_of_record
TN:
SF:E:\workspace\mt-mobile\src\stepper\index.vue
FN:42,equal
FN:82,data
FN:96,minusDisabled
FN:100,plusDisabled
FN:104,inputStyle
FN:118,buttonStyle
FN:129,cls
FN:133,minusCls
FN:137,plusCls
FN:141,inputCls
FN:147,value
FN:153,currentValue
FN:161,filter
FN:171,format
FN:186,onInput
FN:203,emitChange
FN:212,onChange
FN:235,onFocus
FN:239,onBlur
FN:248,longPressStep
FN:249,(anonymous_21)
FN:255,onTouchStart
FN:259,(anonymous_23)
FN:266,onTouchEnd
FN:274,createListeners
FN:276,click
FN:280,touchstart
FNF:27
FNH:0
FNDA:0,equal
FNDA:0,data
FNDA:0,minusDisabled
FNDA:0,plusDisabled
FNDA:0,inputStyle
FNDA:0,buttonStyle
FNDA:0,cls
FNDA:0,minusCls
FNDA:0,plusCls
FNDA:0,inputCls
FNDA:0,value
FNDA:0,currentValue
FNDA:0,filter
FNDA:0,format
FNDA:0,onInput
FNDA:0,emitChange
FNDA:0,onChange
FNDA:0,onFocus
FNDA:0,onBlur
FNDA:0,longPressStep
FNDA:0,(anonymous_21)
FNDA:0,onTouchStart
FNDA:0,(anonymous_23)
FNDA:0,onTouchEnd
FNDA:0,createListeners
FNDA:0,click
FNDA:0,touchstart
DA:33,2
DA:34,2
DA:35,2
DA:39,2
DA:40,2
DA:43,0
DA:83,0
DA:84,0
DA:86,0
DA:87,0
DA:90,0
DA:97,0
DA:101,0
DA:105,0
DA:107,0
DA:108,0
DA:111,0
DA:112,0
DA:115,0
DA:119,0
DA:120,0
DA:122,0
DA:130,0
DA:134,0
DA:138,0
DA:142,0
DA:148,0
DA:149,0
DA:154,0
DA:155,0
DA:162,0
DA:164,0
DA:165,0
DA:168,0
DA:172,0
DA:175,0
DA:176,0
DA:179,0
DA:180,0
DA:183,0
DA:186,0
DA:190,0
DA:191,0
DA:194,0
DA:196,0
DA:197,0
DA:200,0
DA:204,0
DA:205,0
DA:206,0
DA:208,0
DA:212,0
DA:215,0
DA:216,0
DA:217,0
DA:220,0
DA:222,0
DA:225,0
DA:226,0
DA:229,0
DA:231,0
DA:232,0
DA:236,0
DA:240,0
DA:241,0
DA:242,0
DA:243,0
DA:245,0
DA:248,0
DA:249,0
DA:250,0
DA:251,0
DA:255,0
DA:256,0
DA:257,0
DA:259,0
DA:260,0
DA:261,0
DA:262,0
DA:267,0
DA:269,0
DA:270,0
DA:274,0
DA:275,0
DA:277,0
DA:278,0
DA:281,0
DA:282,0
LF:88
LH:5
BRDA:83,0,0,0
BRDA:83,0,1,0
BRDA:86,1,0,0
BRDA:86,1,1,0
BRDA:97,2,0,0
BRDA:97,2,1,0
BRDA:101,3,0,0
BRDA:101,3,1,0
BRDA:107,4,0,0
BRDA:107,4,1,0
BRDA:111,5,0,0
BRDA:111,5,1,0
BRDA:119,6,0,0
BRDA:119,6,1,0
BRDA:148,7,0,0
BRDA:148,7,1,0
BRDA:164,8,0,0
BRDA:164,8,1,0
BRDA:164,9,0,0
BRDA:164,9,1,0
BRDA:175,10,0,0
BRDA:175,10,1,0
BRDA:179,11,0,0
BRDA:179,11,1,0
BRDA:190,12,0,0
BRDA:190,12,1,0
BRDA:196,13,0,0
BRDA:196,13,1,0
BRDA:204,14,0,0
BRDA:204,14,1,0
BRDA:215,15,0,0
BRDA:215,15,1,0
BRDA:220,16,0,0
BRDA:220,16,1,0
BRDA:225,17,0,0
BRDA:225,17,1,0
BRDA:269,18,0,0
BRDA:269,18,1,0
BRF:38
BRH:0
end_of_record
TN:
SF:E:\workspace\mt-mobile\src\sticky\index.vue
FN:17,(anonymous_1)
FN:37,data
FN:46,style
FN:52,fixedStyle
FN:74,fixedCls
FN:80,onScroll
FN:87,emitScrollEvent
FNF:7
FNH:0
FNDA:0,(anonymous_1)
FNDA:0,data
FNDA:0,style
FNDA:0,fixedStyle
FNDA:0,fixedCls
FNDA:0,onScroll
FNDA:0,emitScrollEvent
DA:10,2
DA:11,2
DA:12,2
DA:19,0
DA:20,0
DA:23,0
DA:24,0
DA:38,0
DA:47,0
DA:53,0
DA:54,0
DA:57,0
DA:59,0
DA:60,0
DA:63,0
DA:64,0
DA:67,0
DA:68,0
DA:71,0
DA:75,0
DA:80,0
DA:81,0
DA:84,0
DA:85,0
DA:87,0
DA:88,0
DA:95,0
DA:96,0
DA:98,0
DA:99,0
DA:101,0
DA:102,0
DA:103,0
DA:105,0
DA:108,0
DA:109,0
DA:113,0
DA:114,0
DA:115,0
DA:117,0
DA:120,0
LF:41
LH:3
BRDA:19,0,0,0
BRDA:19,0,1,0
BRDA:48,1,0,0
BRDA:48,1,1,0
BRDA:53,2,0,0
BRDA:53,2,1,0
BRDA:59,3,0,0
BRDA:59,3,1,0
BRDA:63,4,0,0
BRDA:63,4,1,0
BRDA:63,5,0,0
BRDA:63,5,1,0
BRDA:67,6,0,0
BRDA:67,6,1,0
BRDA:95,7,0,0
BRDA:95,7,1,0
BRDA:98,8,0,0
BRDA:98,8,1,0
BRDA:101,9,0,0
BRDA:101,9,1,0
BRDA:113,10,0,0
BRDA:113,10,1,0
BRF:22
BRH:0
end_of_record
TN:
SF:E:\workspace\mt-mobile\src\swipe\index.vue
FN:39,(anonymous_1)
FN:80,data
FN:94,swipes
FN:98,initialSwipe
FN:102,autoplay
FN:112,cls
FN:116,trackCls
FN:120,indicatorsCls
FN:124,indicatorCls
FN:128,count
FN:132,delta
FN:136,size
FN:140,trackSize
FN:144,activeIndicator
FN:148,isCorrectDirection
FN:153,trackStyle
FN:165,indicatorStyle
FN:171,minOffset
FN:178,_getIndicatorCls
FN:183,initialize
FN:195,(anonymous_21)
FN:201,onResize
FN:205,onTouchStart
FN:214,onTouchMove
FN:225,onTouchEnd
FN:240,getTargetActive
FN:254,getTargetOffset
FN:268,move
FN:306,swipeTo
FN:311,(anonymous_30)
FN:318,(anonymous_31)
FN:327,correctPosition
FN:337,clear
FN:341,autoPlay
FN:346,(anonymous_35)
FN:351,(anonymous_36)
FNF:36
FNH:0
FNDA:0,(anonymous_1)
FNDA:0,data
FNDA:0,swipes
FNDA:0,initialSwipe
FNDA:0,autoplay
FNDA:0,cls
FNDA:0,trackCls
FNDA:0,indicatorsCls
FNDA:0,indicatorCls
FNDA:0,count
FNDA:0,delta
FNDA:0,size
FNDA:0,trackSize
FNDA:0,activeIndicator
FNDA:0,isCorrectDirection
FNDA:0,trackStyle
FNDA:0,indicatorStyle
FNDA:0,minOffset
FNDA:0,_getIndicatorCls
FNDA:0,initialize
FNDA:0,(anonymous_21)
FNDA:0,onResize
FNDA:0,onTouchStart
FNDA:0,onTouchMove
FNDA:0,onTouchEnd
FNDA:0,getTargetActive
FNDA:0,getTargetOffset
FNDA:0,move
FNDA:0,swipeTo
FNDA:0,(anonymous_30)
FNDA:0,(anonymous_31)
FNDA:0,correctPosition
FNDA:0,clear
FNDA:0,autoPlay
FNDA:0,(anonymous_35)
FNDA:0,(anonymous_36)
DA:29,2
DA:30,2
DA:31,2
DA:32,2
DA:33,2
DA:34,2
DA:42,0
DA:44,0
DA:45,0
DA:47,0
DA:81,0
DA:95,0
DA:99,0
DA:103,0
DA:104,0
DA:106,0
DA:113,0
DA:117,0
DA:121,0
DA:125,0
DA:129,0
DA:133,0
DA:137,0
DA:141,0
DA:145,0
DA:149,0
DA:150,0
DA:154,0
DA:155,0
DA:157,0
DA:166,0
DA:172,0
DA:173,0
DA:179,0
DA:183,0
DA:184,0
DA:186,0
DA:187,0
DA:188,0
DA:189,0
DA:192,0
DA:193,0
DA:194,0
DA:195,0
DA:196,0
DA:198,0
DA:202,0
DA:206,0
DA:208,0
DA:209,0
DA:210,0
DA:211,0
DA:215,0
DA:217,0
DA:219,0
DA:220,0
DA:221,0
DA:226,0
DA:228,0
DA:229,0
DA:230,0
DA:236,0
DA:237,0
DA:240,0
DA:243,0
DA:244,0
DA:245,0
DA:248,0
DA:251,0
DA:255,0
DA:256,0
DA:257,0
DA:260,0
DA:261,0
DA:262,0
DA:265,0
DA:268,0
DA:278,0
DA:279,0
DA:282,0
DA:283,0
DA:286,0
DA:287,0
DA:288,0
DA:289,0
DA:292,0
DA:293,0
DA:294,0
DA:298,0
DA:299,0
DA:301,0
DA:302,0
DA:306,0
DA:307,0
DA:308,0
DA:309,0
DA:311,0
DA:312,0
DA:317,0
DA:318,0
DA:319,0
DA:322,0
DA:328,0
DA:329,0
DA:332,0
DA:333,0
DA:338,0
DA:341,0
DA:344,0
DA:345,0
DA:346,0
DA:347,0
DA:348,0
DA:349,0
DA:351,0
DA:352,0
DA:353,0
DA:357,0
LF:118
LH:6
BRDA:44,0,0,0
BRDA:44,0,1,0
BRDA:103,1,0,0
BRDA:103,1,1,0
BRDA:133,2,0,0
BRDA:133,2,1,0
BRDA:137,3,0,0
BRDA:137,3,1,0
BRDA:149,4,0,0
BRDA:149,4,1,0
BRDA:154,5,0,0
BRDA:154,5,1,0
BRDA:155,6,0,0
BRDA:155,6,1,0
BRDA:157,7,0,0
BRDA:157,7,1,0
BRDA:173,8,0,0
BRDA:173,8,1,0
BRDA:183,9,0,0
BRDA:183,9,1,0
BRDA:186,10,0,0
BRDA:186,10,1,0
BRDA:188,11,0,0
BRDA:188,11,1,0
BRDA:189,12,0,0
BRDA:189,12,1,0
BRDA:194,13,0,0
BRDA:194,13,1,0
BRDA:206,14,0,0
BRDA:206,14,1,0
BRDA:215,15,0,0
BRDA:215,15,1,0
BRDA:219,16,0,0
BRDA:219,16,1,0
BRDA:226,17,0,0
BRDA:226,17,1,0
BRDA:228,18,0,0
BRDA:228,18,1,0
BRDA:228,19,0,0
BRDA:228,19,1,0
BRDA:229,20,0,0
BRDA:229,20,1,0
BRDA:231,21,0,0
BRDA:231,21,1,0
BRDA:243,22,0,0
BRDA:243,22,1,0
BRDA:244,23,0,0
BRDA:244,23,1,0
BRDA:256,24,0,0
BRDA:256,24,1,0
BRDA:261,25,0,0
BRDA:261,25,1,0
BRDA:268,26,0,0
BRDA:268,26,1,0
BRDA:278,27,0,0
BRDA:278,27,1,0
BRDA:286,28,0,0
BRDA:286,28,1,0
BRDA:287,29,0,0
BRDA:287,29,1,0
BRDA:289,30,0,0
BRDA:289,30,1,0
BRDA:292,31,0,0
BRDA:292,31,1,0
BRDA:294,32,0,0
BRDA:294,32,1,0
BRDA:301,33,0,0
BRDA:301,33,1,0
BRDA:301,34,0,0
BRDA:301,34,1,0
BRDA:306,35,0,0
BRDA:306,35,1,0
BRDA:317,36,0,0
BRDA:317,36,1,0
BRDA:328,37,0,0
BRDA:328,37,1,0
BRDA:332,38,0,0
BRDA:332,38,1,0
BRDA:344,39,0,0
BRDA:344,39,1,0
BRDA:344,40,0,0
BRDA:344,40,1,0
BRF:82
BRH:0
end_of_record
TN:
SF:E:\workspace\mt-mobile\src\swipe-action\index.vue
FN:49,_default
FN:53,_default
FN:60,cls
FN:65,mounted
FN:70,_onOpen
FN:73,_onClose
FNF:6
FNH:0
FNDA:0,_default
FNDA:0,_default
FNDA:0,cls
FNDA:0,mounted
FNDA:0,_onOpen
FNDA:0,_onClose
DA:22,2
DA:23,2
DA:25,2
DA:49,0
DA:53,0
DA:61,0
DA:66,0
DA:71,0
DA:74,0
LF:9
LH:3
BRDA:71,0,0,0
BRDA:71,0,1,0
BRDA:74,1,0,0
BRDA:74,1,1,0
BRF:4
BRH:0
end_of_record
TN:
SF:E:\workspace\mt-mobile\src\swipe-item\index.vue
FN:17,data
FN:24,style
FN:33,cls
FN:38,beforeCreate
FN:42,destroyed
FNF:5
FNH:0
FNDA:0,data
FNDA:0,style
FNDA:0,cls
FNDA:0,beforeCreate
FNDA:0,destroyed
DA:12,2
DA:18,0
DA:24,0
DA:26,0
DA:34,0
DA:39,0
DA:43,0
LF:7
LH:1
BRDA:28,0,0,0
BRDA:28,0,1,0
BRDA:29,1,0,0
BRDA:29,1,1,0
BRF:4
BRH:0
end_of_record
TN:
SF:E:\workspace\mt-mobile\src\switch\index.vue
FN:36,checked
FN:40,ariaChecked
FN:44,loadingColor
FN:49,switchStyle
FN:59,cls
FN:67,nodeCls
FN:71,loadingCls
FN:77,onClick
FNF:8
FNH:0
FNDA:0,checked
FNDA:0,ariaChecked
FNDA:0,loadingColor
FNDA:0,switchStyle
FNDA:0,cls
FNDA:0,nodeCls
FNDA:0,loadingCls
FNDA:0,onClick
DA:21,2
DA:22,2
DA:23,2
DA:24,2
DA:37,0
DA:41,0
DA:44,0
DA:46,0
DA:49,0
DA:53,0
DA:59,0
DA:61,0
DA:68,0
DA:72,0
DA:77,0
DA:81,0
DA:82,0
DA:83,0
DA:84,0
LF:19
LH:4
BRDA:46,0,0,0
BRDA:46,0,1,0
BRDA:55,1,0,0
BRDA:55,1,1,0
BRDA:81,2,0,0
BRDA:81,2,1,0
BRDA:81,3,0,0
BRDA:81,3,1,0
BRDA:82,4,0,0
BRDA:82,4,1,0
BRF:10
BRH:0
end_of_record
TN:
SF:E:\workspace\mt-mobile\src\switch\shared.js
FNF:0
FNH:0
DA:4,2
LF:1
LH:1
BRF:0
BRH:0
end_of_record
TN:
SF:E:\workspace\mt-mobile\src\tab\index.vue
FN:46,data
FN:53,shouldRender
FN:57,computedName
FN:61,isActive
FN:65,paneWrapperCls
FN:69,paneCls
FN:76,parentCurrentIndex
FN:80,title
FN:85,mounted
FNF:9
FNH:0
FNDA:0,data
FNDA:0,shouldRender
FNDA:0,computedName
FNDA:0,isActive
FNDA:0,paneWrapperCls
FNDA:0,paneCls
FNDA:0,parentCurrentIndex
FNDA:0,title
FNDA:0,mounted
DA:32,2
DA:33,2
DA:47,0
DA:54,0
DA:58,0
DA:62,0
DA:66,0
DA:70,0
DA:77,0
DA:81,0
DA:86,0
DA:87,0
LF:12
LH:2
BRDA:54,0,0,0
BRDA:54,0,1,0
BRDA:58,1,0,0
BRDA:58,1,1,0
BRDA:77,2,0,0
BRDA:77,2,1,0
BRDA:86,3,0,0
BRDA:86,3,1,0
BRF:8
BRH:0
end_of_record
TN:
SF:E:\workspace\mt-mobile\src\tabbar\index.vue
FN:41,cls
FN:55,setActiveItem
FN:56,(anonymous_3)
FN:61,onChange
FNF:4
FNH:0
FNDA:0,cls
FNDA:0,setActiveItem
FNDA:0,(anonymous_3)
FNDA:0,onChange
DA:8,2
DA:9,2
DA:42,0
DA:55,0
DA:56,0
DA:57,0
DA:62,0
DA:63,0
DA:64,0
LF:9
LH:2
BRDA:57,0,0,0
BRDA:57,0,1,0
BRDA:62,1,0,0
BRDA:62,1,1,0
BRF:4
BRH:0
end_of_record
TN:
SF:E:\workspace\mt-mobile\src\tabbar-item\index.vue
FN:60,data
FN:67,routeActive
FN:78,_active
FN:82,color
FN:86,cls
FN:90,iconCls
FN:94,textCls
FN:100,onClick
FNF:8
FNH:0
FNDA:0,data
FNDA:0,routeActive
FNDA:0,_active
FNDA:0,color
FNDA:0,cls
FNDA:0,iconCls
FNDA:0,textCls
FNDA:0,onClick
DA:36,2
DA:37,2
DA:38,2
DA:39,2
DA:40,2
DA:61,0
DA:67,0
DA:69,0
DA:70,0
DA:71,0
DA:72,0
DA:74,0
DA:79,0
DA:83,0
DA:87,0
DA:91,0
DA:95,0
DA:101,0
DA:102,0
DA:103,0
LF:20
LH:5
BRDA:69,0,0,0
BRDA:69,0,1,0
BRDA:69,1,0,0
BRDA:69,1,1,0
BRDA:70,2,0,0
BRDA:70,2,1,0
BRDA:72,3,0,0
BRDA:72,3,1,0
BRDA:74,4,0,0
BRDA:74,4,1,0
BRDA:79,5,0,0
BRDA:79,5,1,0
BRDA:83,6,0,0
BRDA:83,6,1,0
BRDA:101,7,0,0
BRDA:101,7,1,0
BRF:16
BRH:0
end_of_record
TN:
SF:E:\workspace\mt-mobile\src\tabs\Content.vue
FN:33,style
FN:42,contentCls
FN:46,trackCls
FN:50,listeners
FN:64,onTouchEnd
FNF:5
FNH:0
FNDA:0,style
FNDA:0,contentCls
FNDA:0,trackCls
FNDA:0,listeners
FNDA:0,onTouchEnd
DA:15,2
DA:16,2
DA:19,2
DA:34,0
DA:35,0
DA:43,0
DA:47,0
DA:51,0
DA:52,0
DA:64,0
DA:68,0
DA:70,0
DA:71,0
LF:13
LH:3
BRDA:34,0,0,0
BRDA:34,0,1,0
BRDA:51,1,0,0
BRDA:51,1,1,0
BRDA:68,2,0,0
BRDA:68,3,0,0
BRDA:68,3,1,0
BRDA:70,4,0,0
BRDA:70,5,0,0
BRDA:70,5,1,0
BRF:10
BRH:0
end_of_record
TN:
SF:E:\workspace\mt-mobile\src\tabs\Title.vue
FN:33,style
FN:63,cls
FN:73,onClick
FN:77,renderTitle
FNF:4
FNH:0
FNDA:0,style
FNDA:0,cls
FNDA:0,onClick
FNDA:0,renderTitle
DA:14,2
DA:16,2
DA:33,0
DA:34,0
DA:36,0
DA:39,0
DA:40,0
DA:42,0
DA:43,0
DA:44,0
DA:46,0
DA:51,0
DA:52,0
DA:53,0
DA:56,0
DA:57,0
DA:60,0
DA:64,0
DA:74,0
DA:77,0
DA:79,0
DA:80,0
LF:22
LH:2
BRDA:39,0,0,0
BRDA:39,0,1,0
BRDA:39,1,0,0
BRDA:39,1,1,0
BRDA:42,2,0,0
BRDA:42,2,1,0
BRDA:43,3,0,0
BRDA:43,3,1,0
BRDA:51,4,0,0
BRDA:51,4,1,0
BRDA:52,5,0,0
BRDA:52,5,1,0
BRDA:56,6,0,0
BRDA:56,6,1,0
BRDA:56,7,0,0
BRDA:56,7,1,0
BRF:16
BRH:0
end_of_record
TN:
SF:E:\workspace\mt-mobile\src\tabs\index.vue
FN:103,(anonymous_1)
FN:164,data
FN:176,scrollable
FN:180,navStyle
FN:187,currentName
FN:195,cls
FN:199,wrapCls
FN:207,navCls
FN:211,lineCls
FN:219,active
FN:225,children
FN:229,(anonymous_12)
FN:234,currentIndex
FN:245,mounted
FN:249,activated
FN:255,onShow
FN:256,(anonymous_17)
FN:263,setLine
FN:266,(anonymous_19)
FN:304,setCurrentIndexByName
FN:305,(anonymous_21)
FN:310,setCurrentIndex
FN:324,findAvailableTab
FN:337,onClick
FN:348,scrollIntoView
FN:363,renderTitle
FN:364,(anonymous_27)
FN:369,onScroll
FNF:28
FNH:0
FNDA:0,(anonymous_1)
FNDA:0,data
FNDA:0,scrollable
FNDA:0,navStyle
FNDA:0,currentName
FNDA:0,cls
FNDA:0,wrapCls
FNDA:0,navCls
FNDA:0,lineCls
FNDA:0,active
FNDA:0,children
FNDA:0,(anonymous_12)
FNDA:0,currentIndex
FNDA:0,mounted
FNDA:0,activated
FNDA:0,onShow
FNDA:0,(anonymous_17)
FNDA:0,setLine
FNDA:0,(anonymous_19)
FNDA:0,setCurrentIndexByName
FNDA:0,(anonymous_21)
FNDA:0,setCurrentIndex
FNDA:0,findAvailableTab
FNDA:0,onClick
FNDA:0,scrollIntoView
FNDA:0,renderTitle
FNDA:0,(anonymous_27)
FNDA:0,onScroll
DA:90,2
DA:91,2
DA:92,2
DA:93,2
DA:94,2
DA:95,2
DA:96,2
DA:97,2
DA:98,2
DA:106,0
DA:165,0
DA:177,0
DA:181,0
DA:188,0
DA:190,0
DA:191,0
DA:196,0
DA:199,0
DA:201,0
DA:208,0
DA:212,0
DA:220,0
DA:221,0
DA:225,0
DA:226,0
DA:227,0
DA:229,0
DA:230,0
DA:235,0
DA:236,0
DA:239,0
DA:240,0
DA:246,0
DA:250,0
DA:251,0
DA:255,0
DA:256,0
DA:257,0
DA:258,0
DA:263,0
DA:264,0
DA:266,0
DA:269,0
DA:275,0
DA:278,0
DA:280,0
DA:281,0
DA:283,0
DA:289,0
DA:290,0
DA:293,0
DA:294,0
DA:295,0
DA:296,0
DA:299,0
DA:305,0
DA:306,0
DA:307,0
DA:311,0
DA:313,0
DA:314,0
DA:315,0
DA:316,0
DA:318,0
DA:319,0
DA:325,0
DA:327,0
DA:328,0
DA:329,0
DA:332,0
DA:337,0
DA:339,0
DA:340,0
DA:342,0
DA:343,0
DA:348,0
DA:351,0
DA:352,0
DA:356,0
DA:357,0
DA:359,0
DA:363,0
DA:364,0
DA:365,0
DA:370,0
DA:371,0
LF:86
LH:9
BRDA:177,0,0,0
BRDA:177,0,1,0
BRDA:190,1,0,0
BRDA:190,1,1,0
BRDA:203,2,0,0
BRDA:203,2,1,0
BRDA:220,3,0,0
BRDA:220,3,1,0
BRDA:226,4,0,0
BRDA:226,4,1,0
BRDA:239,5,0,0
BRDA:239,5,1,0
BRDA:269,6,0,0
BRDA:269,6,1,0
BRDA:269,7,0,0
BRDA:269,7,1,0
BRDA:269,7,2,0
BRDA:269,7,3,0
BRDA:280,8,0,0
BRDA:280,8,1,0
BRDA:289,9,0,0
BRDA:289,9,1,0
BRDA:293,10,0,0
BRDA:293,10,1,0
BRDA:306,11,0,0
BRDA:306,11,1,0
BRDA:307,12,0,0
BRDA:307,12,1,0
BRDA:313,13,0,0
BRDA:313,13,1,0
BRDA:313,14,0,0
BRDA:313,14,1,0
BRDA:318,15,0,0
BRDA:318,15,1,0
BRDA:325,16,0,0
BRDA:325,16,1,0
BRDA:327,17,0,0
BRDA:327,17,1,0
BRDA:328,18,0,0
BRDA:328,18,1,0
BRDA:339,19,0,0
BRDA:339,19,1,0
BRDA:351,20,0,0
BRDA:351,20,1,0
BRDA:351,21,0,0
BRDA:351,21,1,0
BRDA:351,21,2,0
BRDA:359,22,0,0
BRDA:359,22,1,0
BRF:49
BRH:0
end_of_record
TN:
SF:E:\workspace\mt-mobile\src\tabs\utils.js
FN:3,scrollLeftTo
FN:8,animate
FNF:2
FNH:0
FNDA:0,scrollLeftTo
FNDA:0,animate
DA:4,0
DA:5,0
DA:6,0
DA:9,0
DA:11,0
DA:12,0
DA:16,0
LF:7
LH:0
BRDA:6,0,0,0
BRDA:6,0,1,0
BRDA:11,1,0,0
BRDA:11,1,1,0
BRF:4
BRH:0
end_of_record
TN:
SF:E:\workspace\mt-mobile\src\tag\index.vue
FN:45,data
FN:52,style
FN:64,cls
FN:75,closeCls
FN:81,onClickClose
FNF:5
FNH:0
FNDA:0,data
FNDA:0,style
FNDA:0,cls
FNDA:0,closeCls
FNDA:0,onClickClose
DA:21,2
DA:22,2
DA:46,0
DA:52,0
DA:54,0
DA:55,0
DA:57,0
DA:58,0
DA:61,0
DA:64,0
DA:68,0
DA:69,0
DA:70,0
DA:72,0
DA:76,0
DA:82,0
DA:83,0
DA:85,0
LF:18
LH:2
BRDA:54,0,0,0
BRDA:54,0,1,0
BRDA:57,1,0,0
BRDA:57,1,1,0
BRDA:69,2,0,0
BRDA:69,2,1,0
BRDA:82,3,0,0
BRDA:82,3,1,0
BRF:8
BRH:0
end_of_record
TN:
SF:E:\workspace\mt-mobile\src\toast\Toast.vue
FN:68,data
FN:75,hasIcon
FN:80,hasMessage
FN:84,isLoading
FN:88,iconName
FN:101,cls
FN:112,mounted
FN:116,destroyed
FN:121,value
FN:125,forbidClick
FN:131,_getIconCls
FN:135,_getLoadingCls
FN:139,_getTextCls
FN:143,toggleClickable
FN:153,onAfterEnter
FN:161,onAfterLeave
FNF:16
FNH:0
FNDA:0,data
FNDA:0,hasIcon
FNDA:0,hasMessage
FNDA:0,isLoading
FNDA:0,iconName
FNDA:0,cls
FNDA:0,mounted
FNDA:0,destroyed
FNDA:0,value
FNDA:0,forbidClick
FNDA:0,_getIconCls
FNDA:0,_getLoadingCls
FNDA:0,_getTextCls
FNDA:0,toggleClickable
FNDA:0,onAfterEnter
FNDA:0,onAfterLeave
DA:31,2
DA:32,2
DA:34,2
DA:35,2
DA:69,0
DA:75,0
DA:77,0
DA:81,0
DA:85,0
DA:88,0
DA:90,0
DA:91,0
DA:93,0
DA:94,0
DA:96,0
DA:97,0
DA:101,0
DA:105,0
DA:113,0
DA:117,0
DA:122,0
DA:126,0
DA:132,0
DA:136,0
DA:140,0
DA:144,0
DA:145,0
DA:146,0
DA:147,0
DA:148,0
DA:154,0
DA:156,0
DA:157,0
DA:162,0
LF:34
LH:4
BRDA:77,0,0,0
BRDA:77,0,1,0
BRDA:77,0,2,0
BRDA:81,1,0,0
BRDA:81,1,1,0
BRDA:90,2,0,0
BRDA:90,2,1,0
BRDA:93,3,0,0
BRDA:93,3,1,0
BRDA:96,4,0,0
BRDA:96,4,1,0
BRDA:106,5,0,0
BRDA:106,5,1,0
BRDA:144,6,0,0
BRDA:144,6,1,0
BRDA:145,7,0,0
BRDA:145,7,1,0
BRDA:147,8,0,0
BRDA:147,8,1,0
BRDA:156,9,0,0
BRDA:156,9,1,0
BRF:21
BRH:0
end_of_record
TN:
SF:E:\workspace\mt-mobile\src\toast\index.js
FN:29,parseOptions
FN:37,createInstance
FN:54,transformOptions
FN:64,Toast
FN:83,(anonymous_4)
FN:85,(anonymous_5)
FN:102,(anonymous_6)
FN:110,(anonymous_7)
FN:110,(anonymous_8)
FN:115,(anonymous_9)
FN:119,(anonymous_10)
FN:122,(anonymous_11)
FN:134,(anonymous_12)
FN:138,(anonymous_13)
FN:142,(anonymous_14)
FN:146,(anonymous_15)
FNF:16
FNH:3
FNDA:0,parseOptions
FNDA:0,createInstance
FNDA:0,transformOptions
FNDA:0,Toast
FNDA:0,(anonymous_4)
FNDA:0,(anonymous_5)
FNDA:0,(anonymous_6)
FNDA:6,(anonymous_7)
FNDA:0,(anonymous_8)
FNDA:6,(anonymous_9)
FNDA:0,(anonymous_10)
FNDA:0,(anonymous_11)
FNDA:0,(anonymous_12)
FNDA:0,(anonymous_13)
FNDA:0,(anonymous_14)
FNDA:2,(anonymous_15)
DA:5,2
DA:23,2
DA:24,2
DA:25,2
DA:30,0
DA:31,0
DA:34,0
DA:39,0
DA:43,0
DA:44,0
DA:47,0
DA:50,0
DA:55,0
DA:56,0
DA:58,0
DA:59,0
DA:61,0
DA:65,0
DA:68,0
DA:69,0
DA:72,0
DA:76,0
DA:78,0
DA:79,0
DA:82,0
DA:83,0
DA:84,0
DA:85,0
DA:87,0
DA:88,0
DA:89,0
DA:92,0
DA:98,0
DA:99,0
DA:101,0
DA:102,0
DA:103,0
DA:107,0
DA:110,6
DA:115,2
DA:116,6
DA:119,2
DA:120,0
DA:121,0
DA:122,0
DA:123,0
DA:125,0
DA:126,0
DA:127,0
DA:129,0
DA:134,2
DA:135,0
DA:138,2
DA:139,0
DA:142,2
DA:143,0
DA:146,2
DA:147,2
DA:150,2
LF:59
LH:14
BRDA:30,0,0,0
BRDA:30,0,1,0
BRDA:39,1,0,0
BRDA:43,2,0,0
BRDA:43,2,1,0
BRDA:43,3,0,0
BRDA:43,3,1,0
BRDA:64,4,0,0
BRDA:68,5,0,0
BRDA:68,5,1,0
BRDA:78,6,0,0
BRDA:78,6,1,0
BRDA:82,7,0,0
BRDA:82,7,1,0
BRDA:82,8,0,0
BRDA:82,8,1,0
BRDA:88,9,0,0
BRDA:88,9,1,0
BRDA:101,10,0,0
BRDA:101,10,1,0
BRDA:120,11,0,0
BRDA:120,11,1,0
BRDA:121,12,0,0
BRDA:121,12,1,0
BRDA:126,13,0,0
BRDA:126,13,1,0
BRDA:142,14,0,0
BRF:27
BRH:0
end_of_record
TN:
SF:E:\workspace\mt-mobile\src\utils\functional.js
FN:17,inherit
FN:19,(anonymous_1)
FN:37,emit
FN:41,(anonymous_3)
FN:51,mount
FNF:5
FNH:3
FNDA:4,inherit
FNDA:32,(anonymous_1)
FNDA:0,emit
FNDA:0,(anonymous_3)
FNDA:1,mount
DA:3,3
DA:14,3
DA:18,4
DA:20,32
DA:21,8
DA:23,32
DA:28,4
DA:29,4
DA:30,4
DA:33,4
DA:38,0
DA:39,0
DA:40,0
DA:41,0
DA:42,0
DA:45,0
DA:52,1
DA:56,40
DA:63,1
DA:65,1
LF:20
LH:14
BRDA:20,0,0,8
BRDA:20,0,1,24
BRDA:21,1,0,8
BRDA:21,1,1,8
BRDA:28,2,0,4
BRDA:28,2,1,0
BRDA:29,3,0,4
BRDA:29,3,1,4
BRDA:39,4,0,0
BRDA:39,4,1,0
BRDA:40,5,0,0
BRDA:40,5,1,0
BRF:12
BRH:7
end_of_record
TN:
SF:E:\workspace\mt-mobile\src\utils\index.js
FN:7,noop
FN:9,isDef
FN:13,isObj
FN:18,isPlainObj
FN:22,get
FN:26,(anonymous_5)
FN:36,stringifyArray
FN:49,stringifyObject
FN:51,(anonymous_8)
FN:60,parseArray
FN:62,(anonymous_10)
FN:71,parseString
FN:73,(anonymous_12)
FN:77,parseClass
FN:89,stringifyClass
FN:103,(anonymous_15)
FN:107,(anonymous_16)
FN:119,parseStyle
FNF:18
FNH:4
FNDA:0,noop
FNDA:141,isDef
FNDA:8,isObj
FNDA:0,isPlainObj
FNDA:26,get
FNDA:26,(anonymous_5)
FNDA:0,stringifyArray
FNDA:0,stringifyObject
FNDA:0,(anonymous_8)
FNDA:0,parseArray
FNDA:0,(anonymous_10)
FNDA:0,parseString
FNDA:0,(anonymous_12)
FNDA:0,parseClass
FNDA:0,stringifyClass
FNDA:0,(anonymous_15)
FNDA:0,(anonymous_16)
FNDA:0,parseStyle
DA:5,4
DA:10,141
DA:14,8
DA:15,8
DA:19,0
DA:23,26
DA:24,26
DA:26,26
DA:27,26
DA:30,26
DA:37,0
DA:39,0
DA:40,0
DA:41,0
DA:42,0
DA:43,0
DA:46,0
DA:50,0
DA:51,0
DA:52,0
DA:53,0
DA:54,0
DA:57,0
DA:61,0
DA:62,0
DA:63,0
DA:68,0
DA:72,0
DA:73,0
DA:74,0
DA:78,0
DA:79,0
DA:81,0
DA:82,0
DA:84,0
DA:85,0
DA:90,0
DA:91,0
DA:93,0
DA:94,0
DA:96,0
DA:97,0
DA:103,4
DA:104,0
DA:105,0
DA:106,0
DA:107,0
DA:108,0
DA:109,0
DA:110,0
DA:111,0
DA:112,0
DA:116,0
DA:120,0
DA:121,0
DA:123,0
DA:124,0
DA:126,0
LF:58
LH:10
BRDA:10,0,0,141
BRDA:10,0,1,110
BRDA:15,1,0,8
BRDA:15,1,1,8
BRDA:15,1,2,2
BRDA:27,2,0,26
BRDA:27,2,1,0
BRDA:41,3,0,0
BRDA:41,3,1,0
BRDA:41,4,0,0
BRDA:41,4,1,0
BRDA:42,5,0,0
BRDA:42,5,1,0
BRDA:52,6,0,0
BRDA:52,6,1,0
BRDA:53,7,0,0
BRDA:53,7,1,0
BRDA:78,8,0,0
BRDA:78,8,1,0
BRDA:81,9,0,0
BRDA:81,9,1,0
BRDA:81,10,0,0
BRDA:81,10,1,0
BRDA:84,11,0,0
BRDA:84,11,1,0
BRDA:90,12,0,0
BRDA:90,12,1,0
BRDA:93,13,0,0
BRDA:93,13,1,0
BRDA:96,14,0,0
BRDA:96,14,1,0
BRDA:103,15,0,0
BRDA:108,16,0,0
BRDA:108,16,1,0
BRDA:110,17,0,0
BRDA:110,17,1,0
BRDA:111,18,0,0
BRDA:111,18,1,0
BRDA:120,19,0,0
BRDA:120,19,1,0
BRDA:123,20,0,0
BRDA:123,20,1,0
BRF:42
BRH:6
end_of_record
TN:
SF:E:\workspace\mt-mobile\src\utils\vnode.js
FN:1,cloneVNode
FNF:1
FNH:0
FNDA:0,cloneVNode
DA:2,0
DA:12,0
DA:13,0
DA:14,0
DA:15,0
DA:16,0
DA:17,0
DA:18,0
DA:19,0
DA:20,0
DA:21,0
LF:11
LH:0
BRDA:5,0,0,0
BRDA:5,0,1,0
BRF:2
BRH:0
end_of_record
TN:
SF:E:\workspace\mt-mobile\src\utils\comp\gesture\config.js
FNF:0
FNH:0
DA:1,2
DA:2,2
DA:3,2
DA:4,2
DA:5,2
DA:7,2
DA:8,2
DA:9,2
DA:12,2
DA:17,2
LF:10
LH:10
BRF:0
BRH:0
end_of_record
TN:
SF:E:\workspace\mt-mobile\src\utils\comp\gesture\index.js
FN:80,(anonymous_0)
FN:124,(anonymous_1)
FNF:2
FNH:0
FNDA:0,(anonymous_0)
FNDA:0,(anonymous_1)
DA:13,2
DA:38,0
DA:47,0
DA:52,0
DA:56,0
DA:57,0
DA:61,0
DA:62,0
DA:63,0
DA:67,0
DA:68,0
DA:69,0
DA:70,0
DA:72,0
DA:73,0
DA:76,0
DA:79,0
DA:80,0
DA:81,0
DA:84,0
DA:90,0
DA:91,0
DA:95,0
DA:96,0
DA:100,0
DA:101,0
DA:103,0
DA:110,0
DA:111,0
DA:114,0
DA:120,0
DA:124,0
DA:131,0
DA:132,0
DA:136,0
DA:137,0
DA:138,0
DA:139,0
DA:141,0
DA:142,0
DA:143,0
DA:147,0
DA:149,0
DA:150,0
DA:151,0
DA:152,0
DA:165,0
DA:166,0
DA:167,0
DA:168,0
DA:169,0
DA:170,0
DA:177,0
DA:179,0
DA:180,0
DA:185,0
DA:191,0
DA:192,0
DA:193,0
DA:197,0
DA:201,0
DA:203,0
DA:204,0
DA:205,0
DA:211,0
DA:212,0
DA:213,0
DA:215,0
DA:216,0
DA:221,0
DA:222,0
DA:223,0
DA:226,0
DA:227,0
DA:228,0
DA:231,0
DA:233,0
DA:234,0
DA:235,0
DA:238,0
DA:243,0
DA:249,0
DA:250,0
DA:251,0
DA:255,0
DA:256,0
DA:261,0
DA:262,0
DA:263,0
DA:265,0
DA:266,0
DA:270,0
DA:271,0
DA:273,0
DA:275,0
DA:276,0
DA:277,0
DA:282,0
DA:283,0
DA:289,0
DA:290,0
DA:291,0
DA:293,0
DA:294,0
DA:299,0
DA:300,0
DA:303,0
DA:304,0
DA:308,0
DA:309,0
DA:310,0
DA:312,0
DA:313,0
DA:316,0
DA:327,0
DA:328,0
DA:329,0
DA:330,0
DA:332,0
DA:333,0
DA:334,0
DA:335,0
DA:339,0
DA:340,0
DA:341,0
DA:342,0
DA:344,0
DA:345,0
DA:346,0
DA:347,0
DA:351,0
DA:352,0
DA:354,0
DA:361,0
DA:363,0
DA:364,0
DA:366,0
DA:367,0
DA:368,0
DA:369,0
DA:372,0
DA:375,0
DA:377,0
DA:378,0
DA:380,0
DA:381,0
DA:385,0
DA:386,0
DA:387,0
DA:389,0
DA:393,0
DA:394,0
DA:395,0
DA:396,0
DA:398,0
DA:399,0
DA:401,0
DA:402,0
DA:404,0
DA:409,0
DA:410,0
DA:412,0
DA:414,0
DA:421,0
DA:432,0
LF:165
LH:1
BRDA:61,0,0,0
BRDA:61,0,1,0
BRDA:68,1,0,0
BRDA:68,1,1,0
BRDA:68,2,0,0
BRDA:68,2,1,0
BRDA:69,3,0,0
BRDA:69,3,1,0
BRDA:72,4,0,0
BRDA:72,4,1,0
BRDA:90,5,0,0
BRDA:90,5,1,0
BRDA:95,6,0,0
BRDA:95,6,1,0
BRDA:100,7,0,0
BRDA:100,7,1,0
BRDA:110,8,0,0
BRDA:110,8,1,0
BRDA:138,9,0,0
BRDA:138,9,1,0
BRDA:167,10,0,0
BRDA:167,10,1,0
BRDA:167,11,0,0
BRDA:167,11,1,0
BRDA:167,11,2,0
BRDA:168,12,0,0
BRDA:168,12,1,0
BRDA:179,13,0,0
BRDA:179,13,1,0
BRDA:193,14,0,0
BRDA:193,14,1,0
BRDA:212,15,0,0
BRDA:212,15,1,0
BRDA:212,16,0,0
BRDA:212,16,1,0
BRDA:215,17,0,0
BRDA:215,17,1,0
BRDA:221,18,0,0
BRDA:221,18,1,0
BRDA:222,19,0,0
BRDA:222,19,1,0
BRDA:226,20,0,0
BRDA:226,20,1,0
BRDA:233,21,0,0
BRDA:233,21,1,0
BRDA:248,22,0,0
BRDA:250,23,0,0
BRDA:250,23,1,0
BRDA:255,24,0,0
BRDA:255,24,1,0
BRDA:261,25,0,0
BRDA:261,25,1,0
BRDA:261,26,0,0
BRDA:261,26,1,0
BRDA:266,27,0,0
BRDA:266,27,1,0
BRDA:270,28,0,0
BRDA:270,28,1,0
BRDA:275,29,0,0
BRDA:275,29,1,0
BRDA:290,30,0,0
BRDA:290,30,1,0
BRDA:293,31,0,0
BRDA:293,31,1,0
BRDA:303,32,0,0
BRDA:303,32,1,0
BRDA:303,33,0,0
BRDA:303,33,1,0
BRDA:312,34,0,0
BRDA:312,34,1,0
BRDA:312,35,0,0
BRDA:312,35,1,0
BRDA:329,36,0,0
BRDA:329,36,1,0
BRDA:341,37,0,0
BRDA:341,37,1,0
BRDA:351,38,0,0
BRDA:351,38,1,0
BRDA:363,39,0,0
BRDA:363,39,1,0
BRDA:363,40,0,0
BRDA:363,40,1,0
BRDA:366,41,0,0
BRDA:366,41,1,0
BRDA:372,42,0,0
BRDA:372,42,1,0
BRDA:377,43,0,0
BRDA:377,43,1,0
BRDA:385,44,0,0
BRDA:385,44,1,0
BRDA:395,45,0,0
BRDA:395,45,1,0
BRDA:395,46,0,0
BRDA:395,46,1,0
BRDA:395,46,2,0
BRDA:398,47,0,0
BRDA:398,47,1,0
BRDA:401,48,0,0
BRDA:401,48,1,0
BRDA:409,49,0,0
BRDA:409,49,1,0
BRDA:409,50,0,0
BRDA:409,50,1,0
BRF:103
BRH:0
end_of_record
TN:
SF:E:\workspace\mt-mobile\src\utils\comp\gesture\util.js
FN:15,_calcTriangleDistance
FN:23,_calcAngle
FN:30,now
FN:36,getEventName
FN:40,shouldTriggerSwipe
FN:44,shouldTriggerDirection
FN:48,calcMultiFingerStatus
FN:64,calcMoveStatus
FN:80,calcRotation
FN:88,getMovingDirection
FN:105,getDirectionEventName
FNF:11
FNH:0
FNDA:0,_calcTriangleDistance
FNDA:0,_calcAngle
FNDA:0,now
FNDA:0,getEventName
FNDA:0,shouldTriggerSwipe
FNDA:0,shouldTriggerDirection
FNDA:0,calcMultiFingerStatus
FNDA:0,calcMoveStatus
FNDA:0,calcRotation
FNDA:0,getMovingDirection
FNDA:0,getDirectionEventName
DA:16,0
DA:25,0
DA:27,0
DA:32,0
DA:37,0
DA:41,0
DA:45,0
DA:49,0
DA:50,0
DA:52,0
DA:53,0
DA:54,0
DA:55,0
DA:56,0
DA:65,0
DA:66,0
DA:67,0
DA:68,0
DA:69,0
DA:70,0
DA:81,0
DA:82,0
DA:84,0
DA:89,0
DA:90,0
DA:91,0
DA:92,0
DA:94,0
DA:95,0
DA:98,0
DA:99,0
DA:102,0
DA:107,0
DA:109,0
DA:111,0
DA:112,0
DA:114,0
DA:115,0
DA:117,0
DA:118,0
DA:120,0
DA:121,0
DA:124,0
LF:43
LH:0
BRDA:41,0,0,0
BRDA:41,0,1,0
BRDA:45,1,0,0
BRDA:45,1,1,0
BRDA:49,2,0,0
BRDA:49,2,1,0
BRDA:94,3,0,0
BRDA:94,3,1,0
BRDA:94,4,0,0
BRDA:94,4,1,0
BRDA:98,5,0,0
BRDA:98,5,1,0
BRDA:99,6,0,0
BRDA:99,6,1,0
BRDA:102,7,0,0
BRDA:102,7,1,0
BRDA:107,8,0,0
BRDA:107,8,1,0
BRDA:107,8,2,0
BRDA:107,8,3,0
BRDA:107,8,4,0
BRDA:107,8,5,0
BRF:22
BRH:0
end_of_record
TN:
SF:E:\workspace\mt-mobile\src\utils\comp\swipeout\Swipeout.vue
FN:72,closest
FN:114,_default
FN:118,_default
FN:122,data
FN:139,shouldRender
FN:142,cls
FN:145,coverCls
FN:148,contentCls
FN:151,btnCls
FN:154,btnTextCls
FN:157,actionsCls
FN:160,actionsLeftCls
FN:163,actionsRightCls
FN:168,mounted
FN:179,getActionsCls
FN:183,onCloseSwipe
FN:194,onPanStart
FN:217,onPanMove
FN:230,onPanEnd
FN:251,doOpenLeft
FN:255,doOpenRight
FN:259,onBtnClick
FN:269,_getContentEasing
FN:281,_setStyle
FN:291,open
FN:300,close
FN:309,onTouchMove
FNF:27
FNH:0
FNDA:0,closest
FNDA:0,_default
FNDA:0,_default
FNDA:0,data
FNDA:0,shouldRender
FNDA:0,cls
FNDA:0,coverCls
FNDA:0,contentCls
FNDA:0,btnCls
FNDA:0,btnTextCls
FNDA:0,actionsCls
FNDA:0,actionsLeftCls
FNDA:0,actionsRightCls
FNDA:0,mounted
FNDA:0,getActionsCls
FNDA:0,onCloseSwipe
FNDA:0,onPanStart
FNDA:0,onPanMove
FNDA:0,onPanEnd
FNDA:0,doOpenLeft
FNDA:0,doOpenRight
FNDA:0,onBtnClick
FNDA:0,_getContentEasing
FNDA:0,_setStyle
FNDA:0,open
FNDA:0,close
FNDA:0,onTouchMove
DA:67,2
DA:68,2
DA:70,2
DA:73,0
DA:78,0
DA:79,0
DA:80,0
DA:82,0
DA:84,0
DA:114,0
DA:118,0
DA:123,0
DA:140,0
DA:143,0
DA:146,0
DA:149,0
DA:152,0
DA:155,0
DA:158,0
DA:161,0
DA:164,0
DA:169,0
DA:170,0
DA:171,0
DA:172,0
DA:174,0
DA:175,0
DA:180,0
DA:184,0
DA:185,0
DA:187,0
DA:188,0
DA:190,0
DA:194,0
DA:198,0
DA:199,0
DA:200,0
DA:201,0
DA:203,0
DA:204,0
DA:211,0
DA:212,0
DA:213,0
DA:217,0
DA:220,0
DA:221,0
DA:224,0
DA:225,0
DA:227,0
DA:230,0
DA:231,0
DA:232,0
DA:237,0
DA:238,0
DA:239,0
DA:240,0
DA:241,0
DA:242,0
DA:244,0
DA:246,0
DA:247,0
DA:248,0
DA:252,0
DA:256,0
DA:259,0
DA:261,0
DA:262,0
DA:264,0
DA:265,0
DA:271,0
DA:272,0
DA:273,0
DA:274,0
DA:275,0
DA:276,0
DA:278,0
DA:282,0
DA:283,0
DA:284,0
DA:285,0
DA:286,0
DA:287,0
DA:292,0
DA:293,0
DA:295,0
DA:296,0
DA:297,0
DA:301,0
DA:302,0
DA:304,0
DA:305,0
DA:306,0
DA:310,0
DA:311,0
LF:94
LH:3
BRDA:73,0,0,0
BRDA:73,0,1,0
BRDA:73,0,2,0
BRDA:73,0,3,0
BRDA:79,1,0,0
BRDA:79,1,1,0
BRDA:140,2,0,0
BRDA:140,2,1,0
BRDA:140,2,2,0
BRDA:143,3,0,0
BRDA:143,3,1,0
BRDA:174,4,0,0
BRDA:174,4,1,0
BRDA:175,5,0,0
BRDA:175,5,1,0
BRDA:184,6,0,0
BRDA:184,6,1,0
BRDA:184,7,0,0
BRDA:184,7,1,0
BRDA:188,8,0,0
BRDA:188,8,1,0
BRDA:200,9,0,0
BRDA:200,9,1,0
BRDA:200,10,0,0
BRDA:200,10,1,0
BRDA:203,11,0,0
BRDA:203,11,1,0
BRDA:203,11,2,0
BRDA:204,12,0,0
BRDA:204,12,1,0
BRDA:204,12,2,0
BRDA:211,13,0,0
BRDA:211,13,1,0
BRDA:211,14,0,0
BRDA:211,14,1,0
BRDA:220,15,0,0
BRDA:220,15,1,0
BRDA:224,16,0,0
BRDA:224,16,1,0
BRDA:224,17,0,0
BRDA:224,17,1,0
BRDA:231,18,0,0
BRDA:231,18,1,0
BRDA:237,19,0,0
BRDA:237,19,1,0
BRDA:238,20,0,0
BRDA:238,20,1,0
BRDA:239,21,0,0
BRDA:239,21,1,0
BRDA:241,22,0,0
BRDA:241,22,1,0
BRDA:261,23,0,0
BRDA:261,23,1,0
BRDA:264,24,0,0
BRDA:264,24,1,0
BRDA:273,25,0,0
BRDA:273,25,1,0
BRDA:274,26,0,0
BRDA:274,26,1,0
BRDA:276,27,0,0
BRDA:276,27,1,0
BRDA:282,28,0,0
BRDA:282,28,1,0
BRDA:285,29,0,0
BRDA:285,29,1,0
BRDA:286,30,0,0
BRDA:286,30,1,0
BRDA:292,31,0,0
BRDA:292,31,1,0
BRDA:292,32,0,0
BRDA:292,32,1,0
BRDA:293,33,0,0
BRDA:293,33,1,0
BRDA:301,34,0,0
BRDA:301,34,1,0
BRDA:301,35,0,0
BRDA:301,35,1,0
BRDA:310,36,0,0
BRDA:310,36,1,0
BRF:79
BRH:0
end_of_record
TN:
SF:E:\workspace\mt-mobile\src\utils\comp\swipeout\index.js
FNF:0
FNH:0
LF:0
LH:0
BRF:0
BRH:0
end_of_record
TN:
SF:E:\workspace\mt-mobile\src\utils\comp\tag\index.js
FNF:0
FNH:0
DA:13,4
DA:15,4
LF:2
LH:2
BRF:0
BRH:0
end_of_record
TN:
SF:E:\workspace\mt-mobile\src\utils\comp\touch-feedback\index.js
FN:6,(anonymous_0)
FNF:1
FNH:1
FNDA:10,(anonymous_0)
DA:6,10
DA:22,10
DA:31,0
DA:32,0
DA:33,0
DA:38,0
DA:42,0
DA:46,0
DA:50,0
DA:54,0
DA:58,0
DA:62,0
DA:67,10
DA:68,10
DA:70,10
DA:72,10
DA:73,0
DA:76,10
DA:78,10
DA:79,0
DA:82,10
DA:84,10
DA:94,10
DA:95,10
DA:96,10
DA:98,10
DA:103,10
DA:104,0
DA:106,0
DA:107,0
DA:112,0
DA:117,0
DA:123,0
DA:126,0
DA:129,10
LF:35
LH:16
BRDA:6,0,0,10
BRDA:6,0,1,0
BRDA:32,1,0,0
BRDA:32,1,1,0
BRDA:72,2,0,0
BRDA:72,2,1,10
BRDA:78,3,0,0
BRDA:78,3,1,10
BRDA:84,4,0,6
BRDA:84,4,1,4
BRDA:99,5,0,10
BRDA:99,5,1,0
BRDA:103,6,0,0
BRDA:103,6,1,10
BRDA:103,7,0,10
BRDA:103,7,1,4
BRDA:106,8,0,0
BRDA:106,8,1,0
BRF:18
BRH:9
end_of_record
TN:
SF:E:\workspace\mt-mobile\src\utils\comp\touch-feedback\shared.js
FNF:0
FNH:0
DA:1,2
LF:1
LH:1
BRF:0
BRH:0
end_of_record
TN:
SF:E:\workspace\mt-mobile\src\utils\create\component.js
FN:8,install
FN:15,unifySlots
FN:20,(anonymous_2)
FN:22,(anonymous_3)
FN:30,transformFunctionComponent
FN:35,(anonymous_5)
FN:39,createComponent
FN:40,(anonymous_7)
FNF:8
FNH:3
FNDA:106,install
FNDA:0,unifySlots
FNDA:0,(anonymous_2)
FNDA:0,(anonymous_3)
FNDA:0,transformFunctionComponent
FNDA:0,(anonymous_5)
FNDA:122,createComponent
FNDA:120,(anonymous_7)
DA:9,106
DA:10,106
DA:11,106
DA:17,0
DA:18,0
DA:20,0
DA:21,0
DA:22,0
DA:26,0
DA:31,0
DA:35,0
DA:40,122
DA:41,120
DA:42,0
DA:45,120
DA:46,120
DA:47,120
DA:50,120
DA:51,120
DA:53,120
LF:20
LH:11
BRDA:17,0,0,0
BRDA:17,0,1,0
BRDA:17,0,2,0
BRDA:21,1,0,0
BRDA:21,1,1,0
BRDA:41,2,0,0
BRDA:41,2,1,120
BRDA:45,3,0,120
BRDA:45,3,1,0
BRDA:46,4,0,120
BRDA:46,4,1,57
BRF:11
BRH:4
end_of_record
TN:
SF:E:\workspace\mt-mobile\src\utils\create\i18n.js
FN:5,createI18N
FN:8,(anonymous_1)
FNF:2
FNH:1
FNDA:122,createI18N
FNDA:0,(anonymous_1)
DA:6,122
DA:8,122
DA:9,0
DA:10,0
LF:4
LH:2
BRDA:9,0,0,0
BRDA:9,0,1,0
BRDA:10,1,0,0
BRDA:10,1,1,0
BRF:4
BRH:0
end_of_record
TN:
SF:E:\workspace\mt-mobile\src\utils\dom\raf.js
FN:28,doubleRaf
FN:29,(anonymous_1)
FN:34,raf
FN:38,cancelRaf
FNF:4
FNH:0
FNDA:0,doubleRaf
FNDA:0,(anonymous_1)
FNDA:0,raf
FNDA:0,cancelRaf
DA:7,2
DA:29,0
DA:30,0
DA:35,0
DA:39,0
LF:5
LH:1
BRF:0
BRH:0
end_of_record
TN:
SF:E:\workspace\mt-mobile\src\utils\dom\reset-scroll.js
FN:12,resetScroll
FNF:1
FNH:0
FNDA:0,resetScroll
DA:9,2
DA:13,0
DA:14,0
LF:3
LH:1
BRDA:13,0,0,0
BRDA:13,0,1,0
BRF:2
BRH:0
end_of_record
TN:
SF:E:\workspace\mt-mobile\src\utils\dom\scroll.js
FN:5,getScrollEventTarget
FN:30,getScrollTop
FN:34,setScrollTop
FN:38,getRootScrollTop
FN:42,setRootScrollTop
FN:48,getElementTop
FN:55,getVisibleHeight
FNF:7
FNH:0
FNDA:0,getScrollEventTarget
FNDA:0,getScrollTop
FNDA:0,setScrollTop
FNDA:0,getRootScrollTop
FNDA:0,setRootScrollTop
FNDA:0,getElementTop
FNDA:0,getVisibleHeight
DA:4,3
DA:6,0
DA:7,0
DA:14,0
DA:15,0
DA:16,0
DA:17,0
DA:20,0
DA:21,0
DA:22,0
DA:25,0
DA:27,0
DA:31,0
DA:35,0
DA:39,0
DA:43,0
DA:44,0
DA:49,0
DA:56,0
LF:19
LH:1
BRDA:5,0,0,0
BRDA:8,1,0,0
BRDA:8,1,1,0
BRDA:8,1,2,0
BRDA:8,1,3,0
BRDA:8,1,4,0
BRDA:15,2,0,0
BRDA:15,2,1,0
BRDA:16,3,0,0
BRDA:16,3,1,0
BRDA:21,4,0,0
BRDA:21,4,1,0
BRDA:31,5,0,0
BRDA:31,5,1,0
BRDA:35,6,0,0
BRDA:35,6,1,0
BRDA:39,7,0,0
BRDA:39,7,1,0
BRDA:39,7,2,0
BRDA:39,7,3,0
BRDA:50,8,0,0
BRDA:50,8,1,0
BRDA:56,9,0,0
BRDA:56,9,1,0
BRF:24
BRH:0
end_of_record
TN:
SF:E:\workspace\mt-mobile\src\utils\dom\style.js
FN:1,isHidden
FNF:1
FNH:0
FNDA:0,isHidden
DA:2,0
LF:1
LH:0
BRDA:3,0,0,0
BRDA:3,0,1,0
BRF:2
BRH:0
end_of_record
TN:
SF:E:\workspace\mt-mobile\src\utils\format\string.js
FN:3,camelize
FN:4,(anonymous_1)
FN:7,padZero
FNF:3
FNH:2
FNDA:234,camelize
FNDA:429,(anonymous_1)
FNDA:0,padZero
DA:1,4
DA:4,429
DA:8,0
DA:10,0
DA:11,0
DA:14,0
LF:6
LH:2
BRDA:7,0,0,0
BRF:1
BRH:0
end_of_record
TN:
SF:E:\workspace\mt-mobile\src\utils\validate\date.js
FN:3,isDate
FNF:1
FNH:0
FNDA:0,isDate
DA:4,0
LF:1
LH:0
BRDA:5,0,0,0
BRDA:5,0,1,0
BRF:2
BRH:0
end_of_record
TN:
SF:E:\workspace\mt-mobile\src\utils\validate\number.js
FN:1,isNumber
FN:5,isNaN
FNF:2
FNH:0
FNDA:0,isNumber
FNDA:0,isNaN
DA:2,0
DA:6,0
DA:7,0
DA:11,0
LF:4
LH:0
BRDA:6,0,0,0
BRDA:6,0,1,0
BRF:2
BRH:0
end_of_record
TN:
SF:E:\workspace\mt-mobile\src\white-space\index.vue
FN:19,cls
FNF:1
FNH:0
FNDA:0,cls
DA:6,2
DA:20,0
LF:2
LH:1
BRF:0
BRH:0
end_of_record
TN:
SF:E:\workspace\mt-mobile\src\wing-blank\index.vue
FN:21,cls
FNF:1
FNH:0
FNDA:0,cls
DA:8,2
DA:22,0
LF:2
LH:1
BRF:0
BRH:0
end_of_record
